<?xml version="1.0" encoding="UTF-8"?>
<!-- Produced by Beyond Compare 3 from Scooter Software -->
<BCFileFormats>
	<TTextFormat Value="C,C++,C# Source">
		<CharPerLine Value="4096"/>
		<CodePageDetect Value="True"/>
		<ColBased Value="False"/>
		<CommentCaseSig Value="True"/>
		<ConvertKind Value="convertNone"/>
		<CtrlZIsEOF Value="False"/>
		<Description>
			<_0 Value="%02CPP"/>
		</Description>
		<DirectiveCaseSig Value="True"/>
		<EnvironVarCaseSig Value="True"/>
		<Grammar>
			<_0 Value="TListTextGrammarItem">
				<ElementStr Value="%02Keyword"/>
				<CaseSensitive Value="True"/>
				<IsRegExp Value="False"/>
				<Items>
					<_0 Value="auto"/>
					<_1 Value="bool"/>
					<_2 Value="break"/>
					<_3 Value="case"/>
					<_4 Value="catch"/>
					<_5 Value="char"/>
					<_6 Value="class"/>
					<_7 Value="const"/>
					<_8 Value="const_cast"/>
					<_9 Value="continue"/>
					<_10 Value="default"/>
					<_11 Value="define"/>
					<_12 Value="defined"/>
					<_13 Value="delete"/>
					<_14 Value="double"/>
					<_15 Value="dynamic_cast"/>
					<_16 Value="elif"/>
					<_17 Value="else"/>
					<_18 Value="endif"/>
					<_19 Value="enum"/>
					<_20 Value="error"/>
					<_21 Value="extern"/>
					<_22 Value="false"/>
					<_23 Value="float"/>
					<_24 Value="for"/>
					<_25 Value="friend"/>
					<_26 Value="goto"/>
					<_27 Value="if"/>
					<_28 Value="ifdef"/>
					<_29 Value="ifndef"/>
					<_30 Value="include"/>
					<_31 Value="inline"/>
					<_32 Value="int"/>
					<_33 Value="line"/>
					<_34 Value="long"/>
					<_35 Value="new"/>
					<_36 Value="operator"/>
					<_37 Value="overload"/>
					<_38 Value="pragma"/>
					<_39 Value="private"/>
					<_40 Value="protected"/>
					<_41 Value="public"/>
					<_42 Value="register"/>
					<_43 Value="reinterpret_cast"/>
					<_44 Value="return"/>
					<_45 Value="short"/>
					<_46 Value="signed"/>
					<_47 Value="sizeof"/>
					<_48 Value="static"/>
					<_49 Value="static_cast"/>
					<_50 Value="struct"/>
					<_51 Value="switch"/>
					<_52 Value="this"/>
					<_53 Value="true"/>
					<_54 Value="try"/>
					<_55 Value="typedef"/>
					<_56 Value="undef"/>
					<_57 Value="union"/>
					<_58 Value="unsigned"/>
					<_59 Value="virtual"/>
					<_60 Value="void"/>
					<_61 Value="volatile"/>
					<_62 Value="wchar_t"/>
					<_63 Value="while"/>
				</Items>
			</_0>
			<_1 Value="TBasicTextGrammarItem">
				<ElementStr Value="%02Identifier"/>
				<CaseSensitive Value="False"/>
				<IsRegExp Value="True"/>
				<Text Value="[_a-z]\w*"/>
			</_1>
			<_2 Value="TBasicTextGrammarItem">
				<ElementStr Value="%02Number"/>
				<CaseSensitive Value="False"/>
				<IsRegExp Value="True"/>
				<Text Value="(\d+(\.\d+)?(e[+-]?\d+)?)|(0x[a-f\d]+)"/>
			</_2>
			<_3 Value="TDelimitedTextGrammarItem">
				<ElementStr Value="%02String"/>
				<CaseSensitive Value="True"/>
				<IsRegExp Value="False"/>
				<Text Value="'"/>
				<Escape Value="92"/>
				<StopEOL Value="True"/>
				<StopText Value="'"/>
			</_3>
			<_4 Value="TDelimitedTextGrammarItem">
				<ElementStr Value="%02String"/>
				<CaseSensitive Value="True"/>
				<IsRegExp Value="False"/>
				<Text Value="%22"/>
				<Escape Value="92"/>
				<StopEOL Value="True"/>
				<StopText Value="%22"/>
			</_4>
			<_5 Value="TDelimitedTextGrammarItem">
				<ElementStr Value="%02String"/>
				<CaseSensitive Value="True"/>
				<IsRegExp Value="False"/>
				<Text Value="@%22"/>
				<Escape Value="34"/>
				<StopEOL Value="False"/>
				<StopText Value="%22"/>
			</_5>
			<_6 Value="TListTextGrammarItem">
				<ElementStr Value="%02Directive"/>
				<CaseSensitive Value="True"/>
				<IsRegExp Value="False"/>
				<Items>
					<_0 Value="#define"/>
					<_1 Value="#elif"/>
					<_2 Value="#else"/>
					<_3 Value="#endif"/>
					<_4 Value="#error"/>
					<_5 Value="#if"/>
					<_6 Value="#ifdef"/>
					<_7 Value="#ifndef"/>
					<_8 Value="#include"/>
					<_9 Value="#line"/>
					<_10 Value="#pragma"/>
					<_11 Value="#undef"/>
				</Items>
			</_6>
			<_7 Value="TDelimitedTextGrammarItem">
				<ElementStr Value="%02Comment"/>
				<CaseSensitive Value="True"/>
				<IsRegExp Value="False"/>
				<Text Value="//"/>
				<Escape Value="0"/>
				<StopEOL Value="True"/>
				<StopText Value=""/>
			</_7>
			<_8 Value="TDelimitedTextGrammarItem">
				<ElementStr Value="%02Comment"/>
				<CaseSensitive Value="True"/>
				<IsRegExp Value="False"/>
				<Text Value="/*"/>
				<Escape Value="0"/>
				<StopEOL Value="False"/>
				<StopText Value="*/"/>
			</_8>
			<_9 Value="TListTextGrammarItem">
				<ElementStr Value="%02Operator"/>
				<CaseSensitive Value="True"/>
				<IsRegExp Value="False"/>
				<Items>
					<_0 Value="{"/>
					<_1 Value="}"/>
					<_2 Value="("/>
					<_3 Value=")"/>
					<_4 Value="["/>
					<_5 Value="]"/>
					<_6 Value="."/>
					<_7 Value=":"/>
					<_8 Value=","/>
					<_9 Value=";"/>
					<_10 Value="!"/>
					<_11 Value="?"/>
					<_12 Value="|"/>
					<_13 Value="%26"/>
					<_14 Value="+"/>
					<_15 Value="-"/>
					<_16 Value="/"/>
					<_17 Value="*"/>
					<_18 Value="="/>
					<_19 Value="%3E"/>
					<_20 Value="%3C"/>
				</Items>
			</_9>
		</Grammar>
		<IdentifierCaseSig Value="True"/>
		<IndentCaseSig Value="True"/>
		<KeywordCaseSig Value="True"/>
		<LabelCaseSig Value="True"/>
		<LineBased Value="False"/>
		<LineNumCaseSig Value="True"/>
		<Mask Value="*.c;*.cc;*.cpp;*.cs;*.h;*.hpp"/>
		<NumberCaseSig Value="True"/>
		<OperatorCaseSig Value="True"/>
		<StringCaseSig Value="True"/>
		<TabAsSpaces Value="False"/>
		<TabSize Value="4"/>
		<TidyLeadingWS Value="False"/>
		<TrimTrailingWS Value="False"/>
	</TTextFormat>
	<TTextFormat Value="COBOL Source">
		<CharPerLine Value="4096"/>
		<CodePageDetect Value="True"/>
		<ColBased Value="False"/>
		<CommentCaseSig Value="False"/>
		<ConvertKind Value="convertNone"/>
		<CtrlZIsEOF Value="False"/>
		<Description>
			<_0 Value="%02COBOL"/>
		</Description>
		<DirectiveCaseSig Value="True"/>
		<EnvironVarCaseSig Value="True"/>
		<Grammar>
			<_0 Value="TListTextGrammarItem">
				<ElementStr Value="%02Keyword"/>
				<CaseSensitive Value="True"/>
				<IsRegExp Value="False"/>
				<Items>
					<_0 Value="ACCEPT"/>
					<_1 Value="ACCESS"/>
					<_2 Value="ADD"/>
					<_3 Value="ADDRESS"/>
					<_4 Value="ADVANCING"/>
					<_5 Value="AFTER"/>
					<_6 Value="ALL"/>
					<_7 Value="ALLOWING"/>
					<_8 Value="ALPHABET"/>
					<_9 Value="ALPHABETIC"/>
					<_10 Value="ALPHABETIC-LOWER"/>
					<_11 Value="ALPHABETIC-UPPER"/>
					<_12 Value="ALPHANUMERIC"/>
					<_13 Value="ALPHANUMERIC-EDITED"/>
					<_14 Value="ALSO"/>
					<_15 Value="ALTER"/>
					<_16 Value="ALTERNATE"/>
					<_17 Value="AND"/>
					<_18 Value="ANY"/>
					<_19 Value="APPLY"/>
					<_20 Value="ARE"/>
					<_21 Value="AREA"/>
					<_22 Value="AREAS"/>
					<_23 Value="ARITHMETIC"/>
					<_24 Value="ASCENDING"/>
					<_25 Value="ASSIGN"/>
					<_26 Value="AT"/>
					<_27 Value="AUTHOR"/>
					<_28 Value="AUTOMATIC"/>
					<_29 Value="B-AND"/>
					<_30 Value="B-EXOR"/>
					<_31 Value="B-LESS"/>
					<_32 Value="B-NOT"/>
					<_33 Value="B-OR"/>
					<_34 Value="BASIS"/>
					<_35 Value="BEFORE"/>
					<_36 Value="BEGINNING"/>
					<_37 Value="BINARY"/>
					<_38 Value="BIT"/>
					<_39 Value="BITS"/>
					<_40 Value="BLANK"/>
					<_41 Value="BLOCK"/>
					<_42 Value="BOOLEAN"/>
					<_43 Value="BOTTOM"/>
					<_44 Value="BY"/>
					<_45 Value="CALL"/>
					<_46 Value="CANCEL"/>
					<_47 Value="CBL"/>
					<_48 Value="CD"/>
					<_49 Value="CF"/>
					<_50 Value="CH"/>
					<_51 Value="CHARACTER"/>
					<_52 Value="CHARACTERS"/>
					<_53 Value="CLASS"/>
					<_54 Value="CLASS-ID"/>
					<_55 Value="CLOCK-UNITS"/>
					<_56 Value="CLOSE"/>
					<_57 Value="COBOL"/>
					<_58 Value="CODE"/>
					<_59 Value="CODE-SET"/>
					<_60 Value="COLLATING"/>
					<_61 Value="COLUMN"/>
					<_62 Value="COM-REG"/>
					<_63 Value="COMMA"/>
					<_64 Value="COMMIT"/>
					<_65 Value="COMMON"/>
					<_66 Value="COMMUNICATION"/>
					<_67 Value="COMP"/>
					<_68 Value="COMP-1"/>
					<_69 Value="COMP-2"/>
					<_70 Value="COMP-3"/>
					<_71 Value="COMP-4"/>
					<_72 Value="COMP-5"/>
					<_73 Value="COMP-6"/>
					<_74 Value="COMP-7"/>
					<_75 Value="COMP-8"/>
					<_76 Value="COMP-9"/>
					<_77 Value="COMPUTATIONAL"/>
					<_78 Value="COMPUTATIONAL-1"/>
					<_79 Value="COMPUTATIONAL-2"/>
					<_80 Value="COMPUTATIONAL-3"/>
					<_81 Value="COMPUTATIONAL-4"/>
					<_82 Value="COMPUTATIONAL-5"/>
					<_83 Value="COMPUTATIONAL-6"/>
					<_84 Value="COMPUTATIONAL-7"/>
					<_85 Value="COMPUTATIONAL-8"/>
					<_86 Value="COMPUTATIONAL-9"/>
					<_87 Value="COMPUTE"/>
					<_88 Value="CONFIGURATION"/>
					<_89 Value="CONNECT"/>
					<_90 Value="CONTAINED"/>
					<_91 Value="CONTAINS"/>
					<_92 Value="CONTENT"/>
					<_93 Value="CONTINUE"/>
					<_94 Value="CONTROL"/>
					<_95 Value="CONTROLS"/>
					<_96 Value="CONVERTING"/>
					<_97 Value="COPY"/>
					<_98 Value="CORR"/>
					<_99 Value="CORRESPONDING"/>
					<_100 Value="COUNT"/>
					<_101 Value="CURRENCY"/>
					<_102 Value="CURRENT"/>
					<_103 Value="CYCLE"/>
					<_104 Value="DATA"/>
					<_105 Value="DATE"/>
					<_106 Value="DATE-COMPILED"/>
					<_107 Value="DATE-WRITTEN"/>
					<_108 Value="DAY"/>
					<_109 Value="DAY-OF-WEEK"/>
					<_110 Value="DB"/>
					<_111 Value="DB-ACCESS-CONTROL-KEY"/>
					<_112 Value="DB-DATA-NAME"/>
					<_113 Value="DB-EXCEPTION"/>
					<_114 Value="DB-RECORD-NAME"/>
					<_115 Value="DB-SET-NAME"/>
					<_116 Value="DB-STATUS"/>
					<_117 Value="DBCS"/>
					<_118 Value="DE"/>
					<_119 Value="DEBUG-CONTENTS"/>
					<_120 Value="DEBUG-ITEM"/>
					<_121 Value="DEBUG-LINE"/>
					<_122 Value="DEBUG-NAME"/>
					<_123 Value="DEBUG-SUB-1"/>
					<_124 Value="DEBUG-SUB-2"/>
					<_125 Value="DEBUG-SUB-3"/>
					<_126 Value="DEBUGGING"/>
					<_127 Value="DECIMAL-POINT"/>
					<_128 Value="DECLARATIVES"/>
					<_129 Value="DEFAULT"/>
					<_130 Value="DELETE"/>
					<_131 Value="DELIMITED"/>
					<_132 Value="DELIMITER"/>
					<_133 Value="DEPENDING"/>
					<_134 Value="DESCENDING"/>
					<_135 Value="DESTINATION"/>
					<_136 Value="DETAIL"/>
					<_137 Value="DISABLE"/>
					<_138 Value="DISCONNECT"/>
					<_139 Value="DISPLAY"/>
					<_140 Value="DISPLAY-1"/>
					<_141 Value="DISPLAY-2"/>
					<_142 Value="DISPLAY-3"/>
					<_143 Value="DISPLAY-4"/>
					<_144 Value="DISPLAY-5"/>
					<_145 Value="DISPLAY-6"/>
					<_146 Value="DISPLAY-7"/>
					<_147 Value="DISPLAY-8"/>
					<_148 Value="DISPLAY-9"/>
					<_149 Value="DIVIDE"/>
					<_150 Value="DIVISION"/>
					<_151 Value="DOWN"/>
					<_152 Value="DUPLICATE"/>
					<_153 Value="DUPLICATES"/>
					<_154 Value="DYNAMIC"/>
					<_155 Value="EGCS"/>
					<_156 Value="EGI"/>
					<_157 Value="EJECT"/>
					<_158 Value="ELSE"/>
					<_159 Value="EMI"/>
					<_160 Value="EMPTY"/>
					<_161 Value="ENABLE"/>
					<_162 Value="END"/>
					<_163 Value="END-ADD"/>
					<_164 Value="END-CALL"/>
					<_165 Value="END-COMPUTE"/>
					<_166 Value="END-DELETE"/>
					<_167 Value="END-DISABLE"/>
					<_168 Value="END-DIVIDE"/>
					<_169 Value="END-ENABLE"/>
					<_170 Value="END-EVALUATE"/>
					<_171 Value="END-IF"/>
					<_172 Value="END-INVOKE"/>
					<_173 Value="END-MULTIPLY"/>
					<_174 Value="END-OF-PAGE"/>
					<_175 Value="END-PERFORM"/>
					<_176 Value="END-READ"/>
					<_177 Value="END-RECEIVE"/>
					<_178 Value="END-RETURN"/>
					<_179 Value="END-REWRITE"/>
					<_180 Value="END-SEARCH"/>
					<_181 Value="END-SEND"/>
					<_182 Value="END-START"/>
					<_183 Value="END-STRING"/>
					<_184 Value="END-SUBTRACT"/>
					<_185 Value="END-TRANSCEIVE"/>
					<_186 Value="END-UNSTRING"/>
					<_187 Value="END-WRITE"/>
					<_188 Value="ENDING"/>
					<_189 Value="ENTER"/>
					<_190 Value="ENTRY"/>
					<_191 Value="ENVIRONMENT"/>
					<_192 Value="EOP"/>
					<_193 Value="EQUAL"/>
					<_194 Value="EQUALS"/>
					<_195 Value="ERASE"/>
					<_196 Value="ERROR"/>
					<_197 Value="ESI"/>
					<_198 Value="EVALUATE"/>
					<_199 Value="EVERY"/>
					<_200 Value="EXACT"/>
					<_201 Value="EXCEEDS"/>
					<_202 Value="EXCEPTION"/>
					<_203 Value="EXCLUSIVE"/>
					<_204 Value="EXIT"/>
					<_205 Value="EXTEND"/>
					<_206 Value="EXTERNAL"/>
					<_207 Value="FALSE"/>
					<_208 Value="FD"/>
					<_209 Value="FETCH"/>
					<_210 Value="FILE"/>
					<_211 Value="FILE-CONTROL"/>
					<_212 Value="FILLER"/>
					<_213 Value="FINAL"/>
					<_214 Value="FIND"/>
					<_215 Value="FINISH"/>
					<_216 Value="FIRST"/>
					<_217 Value="FOOTING"/>
					<_218 Value="FOR"/>
					<_219 Value="FORM"/>
					<_220 Value="FORMAT"/>
					<_221 Value="FREE"/>
					<_222 Value="FROM"/>
					<_223 Value="FUNCTION"/>
					<_224 Value="GENERATE"/>
					<_225 Value="GET"/>
					<_226 Value="GIVING"/>
					<_227 Value="GLOBAL"/>
					<_228 Value="GO"/>
					<_229 Value="GOBACK"/>
					<_230 Value="GREATER"/>
					<_231 Value="GROUP"/>
					<_232 Value="HEADING"/>
					<_233 Value="HIGH-VALUE"/>
					<_234 Value="HIGH-VALUES"/>
					<_235 Value="I-O"/>
					<_236 Value="I-O-CONTROL"/>
					<_237 Value="ID"/>
					<_238 Value="IDENTIFICATION"/>
					<_239 Value="IF"/>
					<_240 Value="IN"/>
					<_241 Value="INDEX"/>
					<_242 Value="INDEX-1"/>
					<_243 Value="INDEX-2"/>
					<_244 Value="INDEX-3"/>
					<_245 Value="INDEX-4"/>
					<_246 Value="INDEX-5"/>
					<_247 Value="INDEX-6"/>
					<_248 Value="INDEX-7"/>
					<_249 Value="INDEX-8"/>
					<_250 Value="INDEX-9"/>
					<_251 Value="INDEXED"/>
					<_252 Value="INDICATE"/>
					<_253 Value="INHERITS"/>
					<_254 Value="INITIAL"/>
					<_255 Value="INITIALIZE"/>
					<_256 Value="INITIATE"/>
					<_257 Value="INPUT"/>
					<_258 Value="INPUT-OUTPUT"/>
					<_259 Value="INSERT"/>
					<_260 Value="INSPECT"/>
					<_261 Value="INSTALLATION"/>
					<_262 Value="INTO"/>
					<_263 Value="INVALID"/>
					<_264 Value="INVOKE"/>
					<_265 Value="IS"/>
					<_266 Value="JUST"/>
					<_267 Value="JUSTIFIED"/>
					<_268 Value="KANJI"/>
					<_269 Value="KEEP"/>
					<_270 Value="KEY"/>
					<_271 Value="LABEL"/>
					<_272 Value="LAST"/>
					<_273 Value="LD"/>
					<_274 Value="LEADING"/>
					<_275 Value="LEFT"/>
					<_276 Value="LENGTH"/>
					<_277 Value="LESS"/>
					<_278 Value="LIMIT"/>
					<_279 Value="LIMITS"/>
					<_280 Value="LINAGE"/>
					<_281 Value="LINAGE-COUNTER"/>
					<_282 Value="LINE"/>
					<_283 Value="LINE-COUNTER"/>
					<_284 Value="LINES"/>
					<_285 Value="LINKAGE"/>
					<_286 Value="LOCALLY"/>
					<_287 Value="LOCAL-STORAGE"/>
					<_288 Value="LOCK"/>
					<_289 Value="LOW-VALUE"/>
					<_290 Value="LOW-VALUES"/>
					<_291 Value="MEMBER"/>
					<_292 Value="MEMORY"/>
					<_293 Value="MERGE"/>
					<_294 Value="MESSAGE"/>
					<_295 Value="METACLASS"/>
					<_296 Value="METHOD"/>
					<_297 Value="METHOD-ID"/>
					<_298 Value="MODE"/>
					<_299 Value="MODIFY"/>
					<_300 Value="MODULES"/>
					<_301 Value="MORE-LABELS"/>
					<_302 Value="MOVE"/>
					<_303 Value="MULTIPLE"/>
					<_304 Value="MULTIPLY"/>
					<_305 Value="NATIVE"/>
					<_306 Value="NEGATIVE"/>
					<_307 Value="NEXT"/>
					<_308 Value="NO"/>
					<_309 Value="NORMAL"/>
					<_310 Value="NOT"/>
					<_311 Value="NULL"/>
					<_312 Value="NULLS"/>
					<_313 Value="NUMBER"/>
					<_314 Value="NUMERIC"/>
					<_315 Value="NUMERIC-EDITED"/>
					<_316 Value="OBJECT"/>
					<_317 Value="OBJECT-COMPUTER"/>
					<_318 Value="OCCURS"/>
					<_319 Value="OF"/>
					<_320 Value="OFF"/>
					<_321 Value="OMITTED"/>
					<_322 Value="ON"/>
					<_323 Value="ONLY"/>
					<_324 Value="OPEN"/>
					<_325 Value="OPTIONAL"/>
					<_326 Value="OR"/>
					<_327 Value="ORDER"/>
					<_328 Value="ORGANIZATION"/>
					<_329 Value="OTHER"/>
					<_330 Value="OUTPUT"/>
					<_331 Value="OVERFLOW"/>
					<_332 Value="OVERRIDE"/>
					<_333 Value="OWNER"/>
					<_334 Value="PACKED-DECIMAL"/>
					<_335 Value="PADDING"/>
					<_336 Value="PAGE"/>
					<_337 Value="PAGE-COUNTER"/>
					<_338 Value="PARAGRAPH"/>
					<_339 Value="PASSWORD"/>
					<_340 Value="PERFORM"/>
					<_341 Value="PF"/>
					<_342 Value="PH"/>
					<_343 Value="PIC"/>
					<_344 Value="PICTURE"/>
					<_345 Value="PLUS"/>
					<_346 Value="POINTER"/>
					<_347 Value="POSITION"/>
					<_348 Value="POSITIVE"/>
					<_349 Value="PRESENT"/>
					<_350 Value="PREVIOUS"/>
					<_351 Value="PRINTING"/>
					<_352 Value="PRIOR"/>
					<_353 Value="PROCEDURE"/>
					<_354 Value="PROCEDURE-POINTER"/>
					<_355 Value="PROCEDURES"/>
					<_356 Value="PROCEED"/>
					<_357 Value="PROCESSING"/>
					<_358 Value="PROGRAM"/>
					<_359 Value="PROGRAM-ID"/>
					<_360 Value="PROTECTED"/>
					<_361 Value="PURGE"/>
					<_362 Value="QUEUE"/>
					<_363 Value="QUOTE"/>
					<_364 Value="QUOTES"/>
					<_365 Value="RANDOM"/>
					<_366 Value="RD"/>
					<_367 Value="READ"/>
					<_368 Value="READY"/>
					<_369 Value="REALM"/>
					<_370 Value="RECEIVE"/>
					<_371 Value="RECONNECT"/>
					<_372 Value="RECORD"/>
					<_373 Value="RECORD-NAME"/>
					<_374 Value="RECORDING"/>
					<_375 Value="RECORDS"/>
					<_376 Value="RECURSIVE"/>
					<_377 Value="REDEFINES"/>
					<_378 Value="REEL"/>
					<_379 Value="REFERENCE"/>
					<_380 Value="REFERENCES"/>
					<_381 Value="RELATION"/>
					<_382 Value="RELATIVE"/>
					<_383 Value="RELEASE"/>
					<_384 Value="RELOAD"/>
					<_385 Value="REMAINDER"/>
					<_386 Value="REMOVAL"/>
					<_387 Value="RENAMES"/>
					<_388 Value="REPEATED"/>
					<_389 Value="REPLACE"/>
					<_390 Value="REPLACING"/>
					<_391 Value="REPORT"/>
					<_392 Value="REPORTING"/>
					<_393 Value="REPORTS"/>
					<_394 Value="REPOSITORY"/>
					<_395 Value="RERUN"/>
					<_396 Value="RESERVE"/>
					<_397 Value="RESET"/>
					<_398 Value="RETAINING"/>
					<_399 Value="RETRIEVAL"/>
					<_400 Value="RETURN"/>
					<_401 Value="RETURN-CODE"/>
					<_402 Value="RETURNING"/>
					<_403 Value="REVERSED"/>
					<_404 Value="REWIND"/>
					<_405 Value="REWRITE"/>
					<_406 Value="RF"/>
					<_407 Value="RH"/>
					<_408 Value="RIGHT"/>
					<_409 Value="ROLLBACK"/>
					<_410 Value="ROUNDED"/>
					<_411 Value="RUN"/>
					<_412 Value="SAME"/>
					<_413 Value="SD"/>
					<_414 Value="SEARCH"/>
					<_415 Value="SECTION"/>
					<_416 Value="SECURITY"/>
					<_417 Value="SEGMENT"/>
					<_418 Value="SEGMENT-LIMIT"/>
					<_419 Value="SELECT"/>
					<_420 Value="SELF"/>
					<_421 Value="SEND"/>
					<_422 Value="SENTENCE"/>
					<_423 Value="SEPARATE"/>
					<_424 Value="SEQUENCE"/>
					<_425 Value="SEQUENTIAL"/>
					<_426 Value="SERVICE"/>
					<_427 Value="SESSION-ID"/>
					<_428 Value="SET"/>
					<_429 Value="SHARED"/>
					<_430 Value="SHIFT-IN"/>
					<_431 Value="SHIFT-OUT"/>
					<_432 Value="SIGN"/>
					<_433 Value="SIZE"/>
					<_434 Value="SKIP1"/>
					<_435 Value="SKIP2"/>
					<_436 Value="SKIP3"/>
					<_437 Value="SORT"/>
					<_438 Value="SORT-CONTROL"/>
					<_439 Value="SORT-CORE-SIZE"/>
					<_440 Value="SORT-FILE-SIZE"/>
					<_441 Value="SORT-MERGE"/>
					<_442 Value="SORT-MESSAGE"/>
					<_443 Value="SORT-MODE-SIZE"/>
					<_444 Value="SORT-RETURN"/>
					<_445 Value="SOURCE"/>
					<_446 Value="SOURCE-COMPUTER"/>
					<_447 Value="SPACE"/>
					<_448 Value="SPACES"/>
					<_449 Value="SPECIAL-NAMES"/>
					<_450 Value="STANDARD"/>
					<_451 Value="STANDARD-1"/>
					<_452 Value="STANDARD-2"/>
					<_453 Value="STANDARD-3"/>
					<_454 Value="STANDARD-4"/>
					<_455 Value="START"/>
					<_456 Value="STATUS"/>
					<_457 Value="STOP"/>
					<_458 Value="STORE"/>
					<_459 Value="STRING"/>
					<_460 Value="SUB-QUEUE-1"/>
					<_461 Value="SUB-QUEUE-2"/>
					<_462 Value="SUB-QUEUE-3"/>
					<_463 Value="SUB-SCHEMA"/>
					<_464 Value="SUBTRACT"/>
					<_465 Value="SUM"/>
					<_466 Value="SUPER"/>
					<_467 Value="SUPPRESS"/>
					<_468 Value="SYMBOLIC"/>
					<_469 Value="SYNC"/>
					<_470 Value="SYNCHRONIZED"/>
					<_471 Value="TABLE"/>
					<_472 Value="TALLY"/>
					<_473 Value="TALLYING"/>
					<_474 Value="TAPE"/>
					<_475 Value="TENANT"/>
					<_476 Value="TERMINAL"/>
					<_477 Value="TERMINATE"/>
					<_478 Value="TEST"/>
					<_479 Value="TEXT"/>
					<_480 Value="THAN"/>
					<_481 Value="THEN"/>
					<_482 Value="THROUGH"/>
					<_483 Value="THRU"/>
					<_484 Value="TIME"/>
					<_485 Value="TIMEOUT"/>
					<_486 Value="TIMES"/>
					<_487 Value="TITLE"/>
					<_488 Value="TO"/>
					<_489 Value="TOP"/>
					<_490 Value="TRACE"/>
					<_491 Value="TRAILING"/>
					<_492 Value="TRANSCEIVE"/>
					<_493 Value="TRUE"/>
					<_494 Value="TYPE"/>
					<_495 Value="UNEQUAL"/>
					<_496 Value="UNIT"/>
					<_497 Value="UNSTRING"/>
					<_498 Value="UNTIL"/>
					<_499 Value="UP"/>
					<_500 Value="UPDATE"/>
					<_501 Value="UPON"/>
					<_502 Value="USAGE"/>
					<_503 Value="USAGE-MODE"/>
					<_504 Value="USE"/>
					<_505 Value="USING"/>
					<_506 Value="VALID"/>
					<_507 Value="VALIDATE"/>
					<_508 Value="VALUE"/>
					<_509 Value="VALUES"/>
					<_510 Value="VARYING"/>
					<_511 Value="WAIT"/>
					<_512 Value="WHEN"/>
					<_513 Value="WHEN-COMPILED"/>
					<_514 Value="WITH"/>
					<_515 Value="WITHIN"/>
					<_516 Value="WORDS"/>
					<_517 Value="WORKING-STORAGE"/>
					<_518 Value="WRITE"/>
					<_519 Value="WRITE-ONLY"/>
					<_520 Value="ZERO"/>
					<_521 Value="ZEROES"/>
					<_522 Value="ZEROS"/>
				</Items>
			</_0>
			<_1 Value="TBasicTextGrammarItem">
				<ElementStr Value="%02Identifier"/>
				<CaseSensitive Value="False"/>
				<IsRegExp Value="True"/>
				<Text Value="[a-z0-9](-?[a-z0-9])*"/>
			</_1>
			<_2 Value="TBasicTextGrammarItem">
				<ElementStr Value="%02Number"/>
				<CaseSensitive Value="True"/>
				<IsRegExp Value="True"/>
				<Text Value="\d+(\.\d+)"/>
			</_2>
			<_3 Value="TDelimitedTextGrammarItem">
				<ElementStr Value="%02String"/>
				<CaseSensitive Value="True"/>
				<IsRegExp Value="False"/>
				<Text Value="%22"/>
				<Escape Value="92"/>
				<StopEOL Value="True"/>
				<StopText Value="%22"/>
			</_3>
			<_4 Value="TBasicTextGrammarItem">
				<ElementStr Value="%02Comment"/>
				<CaseSensitive Value="True"/>
				<IsRegExp Value="True"/>
				<Text Value="^.{6}\*.*"/>
			</_4>
			<_5 Value="TListTextGrammarItem">
				<ElementStr Value="%02Operator"/>
				<CaseSensitive Value="True"/>
				<IsRegExp Value="False"/>
				<Items>
					<_0 Value="%3C"/>
					<_1 Value="%3C="/>
					<_2 Value="+"/>
					<_3 Value="*"/>
					<_4 Value="**"/>
					<_5 Value="-"/>
					<_6 Value="/"/>
					<_7 Value="%3E"/>
					<_8 Value="%3E="/>
					<_9 Value="="/>
				</Items>
			</_5>
			<_6 Value="TBasicTextGrammarItem">
				<ElementStr Value="%02LineNum"/>
				<CaseSensitive Value="True"/>
				<IsRegExp Value="True"/>
				<Text Value="^\d{6}"/>
			</_6>
			<_7 Value="TColumnTextGrammarItem">
				<ElementStr Value="%02LineNum"/>
				<Col Value="73"/>
				<StopCol Value="80"/>
			</_7>
		</Grammar>
		<IdentifierCaseSig Value="False"/>
		<IndentCaseSig Value="True"/>
		<KeywordCaseSig Value="False"/>
		<LabelCaseSig Value="True"/>
		<LineBased Value="False"/>
		<LineNumCaseSig Value="False"/>
		<Mask Value="*.cbl;*.cob;*.cpy*"/>
		<NumberCaseSig Value="False"/>
		<OperatorCaseSig Value="True"/>
		<StringCaseSig Value="True"/>
		<TabAsSpaces Value="False"/>
		<TabSize Value="4"/>
		<TidyLeadingWS Value="False"/>
		<TrimTrailingWS Value="False"/>
	</TTextFormat>
	<TDataFormat Value="Comma Separated Values">
		<CodePageDetect Value="True"/>
		<ConvertKind Value="convertNone"/>
		<CtrlZIsEOF Value="False"/>
		<DecimalKind Value="decSystem"/>
		<Description>
			<_0 Value="%02CSV"/>
		</Description>
		<DlmDelimiters Value="44"/>
		<DlmDetect Value="False"/>
		<DlmIgnoreMultipleDelims Value="False"/>
		<DlmQualifier Value="34"/>
		<DlmTrimWS Value="True"/>
		<FmtType Value="fmtDelimited"/>
		<HasNamesDetect Value="True"/>
		<Mask Value="*.csv"/>
	</TDataFormat>
	<TTextFormat Value="Delphi Forms">
		<CharPerLine Value="4096"/>
		<CodePageDetect Value="True"/>
		<ColBased Value="False"/>
		<CommentCaseSig Value="True"/>
		<ConvertKind Value="convertDFM"/>
		<CtrlZIsEOF Value="False"/>
		<Description>
			<_0 Value="%02DFM"/>
		</Description>
		<DirectiveCaseSig Value="True"/>
		<EnvironVarCaseSig Value="True"/>
		<Grammar>
			<_0 Value="TListTextGrammarItem">
				<ElementStr Value="%02Keyword"/>
				<CaseSensitive Value="False"/>
				<IsRegExp Value="False"/>
				<Items>
					<_0 Value="inherited"/>
					<_1 Value="inline"/>
					<_2 Value="object"/>
					<_3 Value="end"/>
				</Items>
			</_0>
			<_1 Value="TBasicTextGrammarItem">
				<ElementStr Value="%02Identifier"/>
				<CaseSensitive Value="False"/>
				<IsRegExp Value="True"/>
				<Text Value="[_a-z]\w*"/>
			</_1>
			<_2 Value="TBasicTextGrammarItem">
				<ElementStr Value="%02Number"/>
				<CaseSensitive Value="False"/>
				<IsRegExp Value="True"/>
				<Text Value="(\d+(\.\d+)?(e[+-]?\d+)?)|(\$[a-f\d]+)"/>
			</_2>
			<_3 Value="TListTextGrammarItem">
				<ElementStr Value="%02String"/>
				<CaseSensitive Value="True"/>
				<IsRegExp Value="True"/>
				<Items>
					<_0 Value="#\d+"/>
					<_1 Value="'([^']|'')*'"/>
				</Items>
			</_3>
			<_4 Value="TListTextGrammarItem">
				<ElementStr Value="%02Operator"/>
				<CaseSensitive Value="True"/>
				<IsRegExp Value="False"/>
				<Items>
					<_0 Value="("/>
					<_1 Value=")"/>
					<_2 Value="["/>
					<_3 Value="]"/>
					<_4 Value="="/>
					<_5 Value="+"/>
					<_6 Value="%3E"/>
					<_7 Value="%3C"/>
				</Items>
			</_4>
		</Grammar>
		<IdentifierCaseSig Value="False"/>
		<IndentCaseSig Value="True"/>
		<KeywordCaseSig Value="False"/>
		<LabelCaseSig Value="True"/>
		<LineBased Value="False"/>
		<LineNumCaseSig Value="True"/>
		<Mask Value="*.dfm;*.nfm;*.xfm"/>
		<NumberCaseSig Value="False"/>
		<OperatorCaseSig Value="True"/>
		<StringCaseSig Value="True"/>
		<TabAsSpaces Value="True"/>
		<TabSize Value="2"/>
		<TidyLeadingWS Value="False"/>
		<TrimTrailingWS Value="False"/>
		<Weights>
			<_0>
				<CaseSensitive Value="False"/>
				<FindText Value="^\s*object"/>
				<IsRegExp Value="True"/>
				<Priority Value="wp4"/>
				<WholeWords Value="False"/>
			</_0>
		</Weights>
	</TTextFormat>
	<TTextFormat Value="Delphi Source">
		<CharPerLine Value="4096"/>
		<CodePageDetect Value="True"/>
		<ColBased Value="False"/>
		<CommentCaseSig Value="False"/>
		<ConvertKind Value="convertNone"/>
		<CtrlZIsEOF Value="False"/>
		<Description>
			<_0 Value="%02PAS"/>
		</Description>
		<DirectiveCaseSig Value="False"/>
		<EnvironVarCaseSig Value="True"/>
		<Grammar>
			<_0 Value="TListTextGrammarItem">
				<ElementStr Value="%02Keyword"/>
				<CaseSensitive Value="False"/>
				<IsRegExp Value="False"/>
				<Items>
					<_0 Value="absolute"/>
					<_1 Value="abstract"/>
					<_2 Value="and"/>
					<_3 Value="array"/>
					<_4 Value="as"/>
					<_5 Value="asm"/>
					<_6 Value="assembler"/>
					<_7 Value="at"/>
					<_8 Value="automated"/>
					<_9 Value="begin"/>
					<_10 Value="case"/>
					<_11 Value="cdecl"/>
					<_12 Value="class"/>
					<_13 Value="const"/>
					<_14 Value="constructor"/>
					<_15 Value="contains"/>
					<_16 Value="default"/>
					<_17 Value="deprecated"/>
					<_18 Value="destructor"/>
					<_19 Value="dispid"/>
					<_20 Value="dispinterface"/>
					<_21 Value="div"/>
					<_22 Value="do"/>
					<_23 Value="downto"/>
					<_24 Value="dynamic"/>
					<_25 Value="else"/>
					<_26 Value="end"/>
					<_27 Value="except"/>
					<_28 Value="export"/>
					<_29 Value="exports"/>
					<_30 Value="external"/>
					<_31 Value="far"/>
					<_32 Value="file"/>
					<_33 Value="finalization"/>
					<_34 Value="finally"/>
					<_35 Value="for"/>
					<_36 Value="forward"/>
					<_37 Value="function"/>
					<_38 Value="goto"/>
					<_39 Value="if"/>
					<_40 Value="implementation"/>
					<_41 Value="implements"/>
					<_42 Value="in"/>
					<_43 Value="inherited"/>
					<_44 Value="initialization"/>
					<_45 Value="inline"/>
					<_46 Value="interface"/>
					<_47 Value="is"/>
					<_48 Value="label"/>
					<_49 Value="library"/>
					<_50 Value="local"/>
					<_51 Value="message"/>
					<_52 Value="mod"/>
					<_53 Value="near"/>
					<_54 Value="nil"/>
					<_55 Value="nodefault"/>
					<_56 Value="not"/>
					<_57 Value="object"/>
					<_58 Value="of"/>
					<_59 Value="on"/>
					<_60 Value="or"/>
					<_61 Value="out"/>
					<_62 Value="overload"/>
					<_63 Value="override"/>
					<_64 Value="package"/>
					<_65 Value="packed"/>
					<_66 Value="pascal"/>
					<_67 Value="platform"/>
					<_68 Value="private"/>
					<_69 Value="procedure"/>
					<_70 Value="program"/>
					<_71 Value="property"/>
					<_72 Value="protected"/>
					<_73 Value="public"/>
					<_74 Value="published"/>
					<_75 Value="raise"/>
					<_76 Value="read"/>
					<_77 Value="record"/>
					<_78 Value="register"/>
					<_79 Value="reintroduce"/>
					<_80 Value="repeat"/>
					<_81 Value="requires"/>
					<_82 Value="resident"/>
					<_83 Value="resourcestring"/>
					<_84 Value="safecall"/>
					<_85 Value="set"/>
					<_86 Value="shl"/>
					<_87 Value="shr"/>
					<_88 Value="stdcall"/>
					<_89 Value="stored"/>
					<_90 Value="string"/>
					<_91 Value="then"/>
					<_92 Value="threadvar"/>
					<_93 Value="to"/>
					<_94 Value="try"/>
					<_95 Value="type"/>
					<_96 Value="unit"/>
					<_97 Value="until"/>
					<_98 Value="uses"/>
					<_99 Value="var"/>
					<_100 Value="varargs"/>
					<_101 Value="virtual"/>
					<_102 Value="while"/>
					<_103 Value="with"/>
					<_104 Value="write"/>
					<_105 Value="writeonly"/>
					<_106 Value="xor"/>
				</Items>
			</_0>
			<_1 Value="TBasicTextGrammarItem">
				<ElementStr Value="%02Identifier"/>
				<CaseSensitive Value="False"/>
				<IsRegExp Value="True"/>
				<Text Value="[_a-z]\w*"/>
			</_1>
			<_2 Value="TBasicTextGrammarItem">
				<ElementStr Value="%02Number"/>
				<CaseSensitive Value="False"/>
				<IsRegExp Value="True"/>
				<Text Value="(\d+(\.\d+)?(e[+-]?\d+)?)|(\$[a-f\d]+)"/>
			</_2>
			<_3 Value="TListTextGrammarItem">
				<ElementStr Value="%02String"/>
				<CaseSensitive Value="True"/>
				<IsRegExp Value="True"/>
				<Items>
					<_0 Value="#\d+"/>
					<_1 Value="'([^']|'')*'"/>
				</Items>
			</_3>
			<_4 Value="TDelimitedTextGrammarItem">
				<ElementStr Value="%02Directive"/>
				<CaseSensitive Value="True"/>
				<IsRegExp Value="False"/>
				<Text Value="{$"/>
				<Escape Value="0"/>
				<StopEOL Value="False"/>
				<StopText Value="}"/>
			</_4>
			<_5 Value="TDelimitedTextGrammarItem">
				<ElementStr Value="%02Comment"/>
				<CaseSensitive Value="True"/>
				<IsRegExp Value="False"/>
				<Text Value="//"/>
				<Escape Value="0"/>
				<StopEOL Value="True"/>
				<StopText Value=""/>
			</_5>
			<_6 Value="TDelimitedTextGrammarItem">
				<ElementStr Value="%02Comment"/>
				<CaseSensitive Value="True"/>
				<IsRegExp Value="False"/>
				<Text Value="{"/>
				<Escape Value="0"/>
				<StopEOL Value="False"/>
				<StopText Value="}"/>
			</_6>
			<_7 Value="TDelimitedTextGrammarItem">
				<ElementStr Value="%02Comment"/>
				<CaseSensitive Value="True"/>
				<IsRegExp Value="False"/>
				<Text Value="(*"/>
				<Escape Value="0"/>
				<StopEOL Value="False"/>
				<StopText Value="*)"/>
			</_7>
			<_8 Value="TListTextGrammarItem">
				<ElementStr Value="%02Operator"/>
				<CaseSensitive Value="True"/>
				<IsRegExp Value="False"/>
				<Items>
					<_0 Value="("/>
					<_1 Value=")"/>
					<_2 Value="."/>
					<_3 Value="["/>
					<_4 Value="]"/>
					<_5 Value=";"/>
					<_6 Value=":="/>
					<_7 Value="="/>
					<_8 Value="+"/>
					<_9 Value="-"/>
					<_10 Value="/"/>
					<_11 Value="*"/>
					<_12 Value="@"/>
					<_13 Value="%3E"/>
					<_14 Value="%3C"/>
					<_15 Value=","/>
					<_16 Value=":"/>
				</Items>
			</_8>
		</Grammar>
		<IdentifierCaseSig Value="False"/>
		<IndentCaseSig Value="True"/>
		<KeywordCaseSig Value="False"/>
		<LabelCaseSig Value="True"/>
		<LineBased Value="False"/>
		<LineNumCaseSig Value="True"/>
		<Mask Value="*.dpk;*.dpr;*.inc;*.pas"/>
		<NumberCaseSig Value="False"/>
		<OperatorCaseSig Value="True"/>
		<StringCaseSig Value="True"/>
		<TabAsSpaces Value="False"/>
		<TabSize Value="4"/>
		<TidyLeadingWS Value="False"/>
		<TrimTrailingWS Value="False"/>
		<Weights>
			<_0>
				<CaseSensitive Value="False"/>
				<FindText Value="=\s*class\s*\(.*\)"/>
				<IsRegExp Value="True"/>
				<Priority Value="wp4"/>
				<WholeWords Value="False"/>
			</_0>
			<_1>
				<CaseSensitive Value="False"/>
				<FindText Value="^\s*(procedure|function)"/>
				<IsRegExp Value="True"/>
				<Priority Value="wp3"/>
				<WholeWords Value="False"/>
			</_1>
			<_2>
				<CaseSensitive Value="False"/>
				<FindText Value="^\s*begin\s*$"/>
				<IsRegExp Value="True"/>
				<Priority Value="wp1"/>
				<WholeWords Value="False"/>
			</_2>
			<_3>
				<CaseSensitive Value="False"/>
				<FindText Value="^\s*end;?\s*^"/>
				<IsRegExp Value="True"/>
				<Priority Value="wp1"/>
				<WholeWords Value="False"/>
			</_3>
		</Weights>
	</TTextFormat>
	<TVerFormat Value="Executables">
		<Description>
			<_0 Value="%02EXE"/>
		</Description>
		<Mask Value="*.386;*.bcp;*.bpl;*.dll;*.drv;*.exe;*.ocx;*.scr;*.sys;*.vxd"/>
	</TVerFormat>
	<TTextFormat Value="HTML">
		<CharPerLine Value="4096"/>
		<CodePageDetect Value="True"/>
		<ColBased Value="False"/>
		<CommentCaseSig Value="False"/>
		<ConvertKind Value="convertNone"/>
		<CtrlZIsEOF Value="False"/>
		<Description>
			<_0 Value="%02HTML"/>
		</Description>
		<DirectiveCaseSig Value="True"/>
		<EnvironVarCaseSig Value="True"/>
		<Grammar>
			<_0 Value="TListTextGrammarItem">
				<ElementStr Value="%02Keyword"/>
				<CaseSensitive Value="False"/>
				<IsRegExp Value="False"/>
				<Items>
					<_0 Value="%3Ca"/>
					<_1 Value="%3C/a%3E"/>
					<_2 Value="%3Cabbr"/>
					<_3 Value="%3C/abbr%3E"/>
					<_4 Value="%3Cacronym"/>
					<_5 Value="%3C/acronym%3E"/>
					<_6 Value="%3Caddress"/>
					<_7 Value="%3C/address%3E"/>
					<_8 Value="%3Capplet"/>
					<_9 Value="%3C/applet%3E"/>
					<_10 Value="%3Carea"/>
					<_11 Value="%3Cb"/>
					<_12 Value="%3C/b%3E"/>
					<_13 Value="%3Cbase"/>
					<_14 Value="%3Cbasefont"/>
					<_15 Value="%3Cbdo"/>
					<_16 Value="%3C/bdo%3E"/>
					<_17 Value="%3Cbig"/>
					<_18 Value="%3C/big%3E"/>
					<_19 Value="%3Cblockquote"/>
					<_20 Value="%3C/blockquote%3E"/>
					<_21 Value="%3Cbody"/>
					<_22 Value="%3C/body%3E"/>
					<_23 Value="%3Cbr"/>
					<_24 Value="%3C/br%3E"/>
					<_25 Value="%3Cbutton"/>
					<_26 Value="%3C/button%3E"/>
					<_27 Value="%3Ccaption"/>
					<_28 Value="%3C/caption%3E"/>
					<_29 Value="%3Ccenter"/>
					<_30 Value="%3C/center%3E"/>
					<_31 Value="%3Ccite"/>
					<_32 Value="%3C/cite%3E"/>
					<_33 Value="%3Ccode"/>
					<_34 Value="%3C/code%3E"/>
					<_35 Value="%3Ccol"/>
					<_36 Value="%3C/col%3E"/>
					<_37 Value="%3Ccolgroup"/>
					<_38 Value="%3C/colgroup%3E"/>
					<_39 Value="%3Cdd"/>
					<_40 Value="%3C/dd%3E"/>
					<_41 Value="%3Cdel"/>
					<_42 Value="%3C/del%3E"/>
					<_43 Value="%3Cdfn"/>
					<_44 Value="%3C/dfn%3E"/>
					<_45 Value="%3Cdir"/>
					<_46 Value="%3C/dir%3E"/>
					<_47 Value="%3Cdiv"/>
					<_48 Value="%3C/div%3E"/>
					<_49 Value="%3Cdl"/>
					<_50 Value="%3C/dl%3E"/>
					<_51 Value="%3Cdt"/>
					<_52 Value="%3C/dt%3E"/>
					<_53 Value="%3Cem"/>
					<_54 Value="%3C/em%3E"/>
					<_55 Value="%3Cfieldset"/>
					<_56 Value="%3C/fieldset%3E"/>
					<_57 Value="%3Cfont"/>
					<_58 Value="%3C/font%3E"/>
					<_59 Value="%3Cform"/>
					<_60 Value="%3C/form%3E"/>
					<_61 Value="%3Cframe"/>
					<_62 Value="%3C/frame%3E"/>
					<_63 Value="%3Cframeset"/>
					<_64 Value="%3C/frameset%3E"/>
					<_65 Value="%3Ch1"/>
					<_66 Value="%3C/h1%3E"/>
					<_67 Value="%3Ch2"/>
					<_68 Value="%3C/h2%3E"/>
					<_69 Value="%3Ch3"/>
					<_70 Value="%3C/h3%3E"/>
					<_71 Value="%3Ch4"/>
					<_72 Value="%3C/h4%3E"/>
					<_73 Value="%3Ch5"/>
					<_74 Value="%3C/h5%3E"/>
					<_75 Value="%3Ch6"/>
					<_76 Value="%3C/h6%3E"/>
					<_77 Value="%3Chead"/>
					<_78 Value="%3C/head%3E"/>
					<_79 Value="%3Chr"/>
					<_80 Value="%3Chtml"/>
					<_81 Value="%3C/html%3E"/>
					<_82 Value="%3Ci"/>
					<_83 Value="%3C/i%3E"/>
					<_84 Value="%3Ciframe"/>
					<_85 Value="%3C/iframe%3E"/>
					<_86 Value="%3Cimg"/>
					<_87 Value="%3Cinput"/>
					<_88 Value="%3Cins"/>
					<_89 Value="%3C/ins%3E"/>
					<_90 Value="%3Cisindex"/>
					<_91 Value="%3Ckbd"/>
					<_92 Value="%3C/kbd%3E"/>
					<_93 Value="%3Clabel"/>
					<_94 Value="%3C/label%3E"/>
					<_95 Value="%3Clegend"/>
					<_96 Value="%3C/legend%3E"/>
					<_97 Value="%3Cli"/>
					<_98 Value="%3C/li%3E"/>
					<_99 Value="%3Clink"/>
					<_100 Value="%3Cmap"/>
					<_101 Value="%3C/map%3E"/>
					<_102 Value="%3Cmenu"/>
					<_103 Value="%3C/menu%3E"/>
					<_104 Value="%3Cmeta"/>
					<_105 Value="%3C/meta%3E"/>
					<_106 Value="%3Cnoframes"/>
					<_107 Value="%3C/noframes%3E"/>
					<_108 Value="%3Cnoscript"/>
					<_109 Value="%3C/noscript%3E"/>
					<_110 Value="%3Cobject"/>
					<_111 Value="%3C/object%3E"/>
					<_112 Value="%3Col"/>
					<_113 Value="%3C/ol%3E"/>
					<_114 Value="%3Coptgroup"/>
					<_115 Value="%3C/optgroup%3E"/>
					<_116 Value="%3Coption"/>
					<_117 Value="%3C/option%3E"/>
					<_118 Value="%3Cp"/>
					<_119 Value="%3C/p%3E"/>
					<_120 Value="%3Cparam"/>
					<_121 Value="%3Cpre"/>
					<_122 Value="%3C/pre%3E"/>
					<_123 Value="%3Cq"/>
					<_124 Value="%3C/q%3E"/>
					<_125 Value="%3Cs"/>
					<_126 Value="%3C/s%3E"/>
					<_127 Value="%3Csamp"/>
					<_128 Value="%3C/samp%3E"/>
					<_129 Value="%3Cscript"/>
					<_130 Value="%3C/script%3E"/>
					<_131 Value="%3Cselect"/>
					<_132 Value="%3C/select%3E"/>
					<_133 Value="%3Csmall"/>
					<_134 Value="%3C/small%3E"/>
					<_135 Value="%3Cspan"/>
					<_136 Value="%3C/span%3E"/>
					<_137 Value="%3Cstrike"/>
					<_138 Value="%3C/strike%3E"/>
					<_139 Value="%3Cstrong"/>
					<_140 Value="%3C/strong%3E"/>
					<_141 Value="%3Cstyle"/>
					<_142 Value="%3C/style%3E"/>
					<_143 Value="%3Csub"/>
					<_144 Value="%3C/sub%3E"/>
					<_145 Value="%3Csup"/>
					<_146 Value="%3C/sup%3E"/>
					<_147 Value="%3Ctable"/>
					<_148 Value="%3C/table%3E"/>
					<_149 Value="%3Ctbody"/>
					<_150 Value="%3C/tbody%3E"/>
					<_151 Value="%3Ctd"/>
					<_152 Value="%3C/td%3E"/>
					<_153 Value="%3Ctextarea"/>
					<_154 Value="%3C/textarea%3E"/>
					<_155 Value="%3Ctfoot"/>
					<_156 Value="%3C/tfoot%3E"/>
					<_157 Value="%3Cth"/>
					<_158 Value="%3C/th%3E"/>
					<_159 Value="%3Cthead"/>
					<_160 Value="%3C/thead%3E"/>
					<_161 Value="%3Ctitle"/>
					<_162 Value="%3C/title%3E"/>
					<_163 Value="%3Ctr"/>
					<_164 Value="%3C/tr%3E"/>
					<_165 Value="%3Ctt"/>
					<_166 Value="%3C/tt%3E"/>
					<_167 Value="%3Cu"/>
					<_168 Value="%3C/u%3E"/>
					<_169 Value="%3Cul"/>
					<_170 Value="%3C/ul%3E"/>
					<_171 Value="%3Cvar"/>
					<_172 Value="%3C/var%3E"/>
					<_173 Value="%3C"/>
					<_174 Value="%3E"/>
					<_175 Value="/%3E"/>
				</Items>
			</_0>
			<_1 Value="TListTextGrammarItem">
				<ElementStr Value="%02Keyword"/>
				<CaseSensitive Value="True"/>
				<IsRegExp Value="False"/>
				<Items>
					<_0 Value="%26Aacute;"/>
					<_1 Value="%26aacute;"/>
					<_2 Value="%26Acirc;"/>
					<_3 Value="%26acirc;"/>
					<_4 Value="%26acute;"/>
					<_5 Value="%26AElig;"/>
					<_6 Value="%26aelig;"/>
					<_7 Value="%26Agrave;"/>
					<_8 Value="%26agrave;"/>
					<_9 Value="%26alefsym;"/>
					<_10 Value="%26Alpha;"/>
					<_11 Value="%26alpha;"/>
					<_12 Value="%26amp;"/>
					<_13 Value="%26and;"/>
					<_14 Value="%26ang;"/>
					<_15 Value="%26Aring;"/>
					<_16 Value="%26aring;"/>
					<_17 Value="%26asymp;"/>
					<_18 Value="%26Atilde;"/>
					<_19 Value="%26atilde;"/>
					<_20 Value="%26auml;"/>
					<_21 Value="%26Auml;"/>
					<_22 Value="%26bdquo;"/>
					<_23 Value="%26beta;"/>
					<_24 Value="%26Beta;"/>
					<_25 Value="%26brvbar;"/>
					<_26 Value="%26bull;"/>
					<_27 Value="%26cap;"/>
					<_28 Value="%26Ccedil;"/>
					<_29 Value="%26ccedil;"/>
					<_30 Value="%26cedil;"/>
					<_31 Value="%26cent;"/>
					<_32 Value="%26Chi;"/>
					<_33 Value="%26chi;"/>
					<_34 Value="%26circ;"/>
					<_35 Value="%26clubs;"/>
					<_36 Value="%26cong;"/>
					<_37 Value="%26copy;"/>
					<_38 Value="%26crarr;"/>
					<_39 Value="%26cup;"/>
					<_40 Value="%26curren;"/>
					<_41 Value="%26Dagger;"/>
					<_42 Value="%26dagger;"/>
					<_43 Value="%26darr;"/>
					<_44 Value="%26dArr;"/>
					<_45 Value="%26deg;"/>
					<_46 Value="%26deg;"/>
					<_47 Value="%26Delta;"/>
					<_48 Value="%26delta;"/>
					<_49 Value="%26diams;"/>
					<_50 Value="%26divide;"/>
					<_51 Value="%26divide;"/>
					<_52 Value="%26eacute;"/>
					<_53 Value="%26Eacute;"/>
					<_54 Value="%26Ecirc;"/>
					<_55 Value="%26ecirc;"/>
					<_56 Value="%26Egrave;"/>
					<_57 Value="%26egrave;"/>
					<_58 Value="%26empty;"/>
					<_59 Value="%26emsp;"/>
					<_60 Value="%26ensp;"/>
					<_61 Value="%26Epsilon;"/>
					<_62 Value="%26epsilon;"/>
					<_63 Value="%26equiv;"/>
					<_64 Value="%26Eta;"/>
					<_65 Value="%26eta;"/>
					<_66 Value="%26eth;"/>
					<_67 Value="%26ETH;"/>
					<_68 Value="%26euml;"/>
					<_69 Value="%26Euml;"/>
					<_70 Value="%26euro;"/>
					<_71 Value="%26exist;"/>
					<_72 Value="%26fnof;"/>
					<_73 Value="%26forall;"/>
					<_74 Value="%26frac12;"/>
					<_75 Value="%26frac12;"/>
					<_76 Value="%26frac14;"/>
					<_77 Value="%26frac14;"/>
					<_78 Value="%26frac34;"/>
					<_79 Value="%26frac34;"/>
					<_80 Value="%26frasl;"/>
					<_81 Value="%26Gamma;"/>
					<_82 Value="%26gamma;"/>
					<_83 Value="%26ge;"/>
					<_84 Value="%26ge;"/>
					<_85 Value="%26gt;"/>
					<_86 Value="%26hArr;"/>
					<_87 Value="%26harr;"/>
					<_88 Value="%26hearts;"/>
					<_89 Value="%26hellip;"/>
					<_90 Value="%26Iacute;"/>
					<_91 Value="%26iacute;"/>
					<_92 Value="%26Icirc;"/>
					<_93 Value="%26icirc;"/>
					<_94 Value="%26iexcl;"/>
					<_95 Value="%26igrave;"/>
					<_96 Value="%26Igrave;"/>
					<_97 Value="%26image;"/>
					<_98 Value="%26infin;"/>
					<_99 Value="%26int;"/>
					<_100 Value="%26Iota;"/>
					<_101 Value="%26iota;"/>
					<_102 Value="%26iquest;"/>
					<_103 Value="%26isin;"/>
					<_104 Value="%26Iuml;"/>
					<_105 Value="%26iuml;"/>
					<_106 Value="%26kappa;"/>
					<_107 Value="%26Kappa;"/>
					<_108 Value="%26Lambda;"/>
					<_109 Value="%26lambda;"/>
					<_110 Value="%26lang;"/>
					<_111 Value="%26laquo;"/>
					<_112 Value="%26lArr;"/>
					<_113 Value="%26larr;"/>
					<_114 Value="%26lceil;"/>
					<_115 Value="%26ldquo;"/>
					<_116 Value="%26le;"/>
					<_117 Value="%26le;"/>
					<_118 Value="%26lfloor;"/>
					<_119 Value="%26lowast;"/>
					<_120 Value="%26loz;"/>
					<_121 Value="%26lrm;"/>
					<_122 Value="%26lsaquo;"/>
					<_123 Value="%26lsquo;"/>
					<_124 Value="%26lt;"/>
					<_125 Value="%26macr;"/>
					<_126 Value="%26mdash;"/>
					<_127 Value="%26micro;"/>
					<_128 Value="%26middot;"/>
					<_129 Value="%26minus;"/>
					<_130 Value="%26minus;"/>
					<_131 Value="%26mu;"/>
					<_132 Value="%26Mu;"/>
					<_133 Value="%26nabla;"/>
					<_134 Value="%26nbsp;"/>
					<_135 Value="%26ndash;"/>
					<_136 Value="%26ne;"/>
					<_137 Value="%26ni;"/>
					<_138 Value="%26not;"/>
					<_139 Value="%26notin;"/>
					<_140 Value="%26nsub;"/>
					<_141 Value="%26ntilde;"/>
					<_142 Value="%26Ntilde;"/>
					<_143 Value="%26nu;"/>
					<_144 Value="%26Nu;"/>
					<_145 Value="%26Oacute;"/>
					<_146 Value="%26oacute;"/>
					<_147 Value="%26Ocirc;"/>
					<_148 Value="%26ocirc;"/>
					<_149 Value="%26oelig;"/>
					<_150 Value="%26OElig;"/>
					<_151 Value="%26Ograve;"/>
					<_152 Value="%26ograve;"/>
					<_153 Value="%26oline;"/>
					<_154 Value="%26Omega;"/>
					<_155 Value="%26omega;"/>
					<_156 Value="%26omicron;"/>
					<_157 Value="%26Omicron;"/>
					<_158 Value="%26oplus;"/>
					<_159 Value="%26or;"/>
					<_160 Value="%26ordf;"/>
					<_161 Value="%26ordm;"/>
					<_162 Value="%26oslash;"/>
					<_163 Value="%26Oslash;"/>
					<_164 Value="%26Otilde;"/>
					<_165 Value="%26otilde;"/>
					<_166 Value="%26otimes;"/>
					<_167 Value="%26ouml;"/>
					<_168 Value="%26Ouml;"/>
					<_169 Value="%26para;"/>
					<_170 Value="%26part;"/>
					<_171 Value="%26permil;"/>
					<_172 Value="%26perp;"/>
					<_173 Value="%26phi;"/>
					<_174 Value="%26Phi;"/>
					<_175 Value="%26pi;"/>
					<_176 Value="%26Pi;"/>
					<_177 Value="%26piv;"/>
					<_178 Value="%26plusmn;"/>
					<_179 Value="%26pound;"/>
					<_180 Value="%26prime;"/>
					<_181 Value="%26Prime;"/>
					<_182 Value="%26prod;"/>
					<_183 Value="%26prop;"/>
					<_184 Value="%26Psi;"/>
					<_185 Value="%26psi;"/>
					<_186 Value="%26quot;"/>
					<_187 Value="%26radic;"/>
					<_188 Value="%26rang;"/>
					<_189 Value="%26raquo;"/>
					<_190 Value="%26rArr;"/>
					<_191 Value="%26rarr;"/>
					<_192 Value="%26rceil;"/>
					<_193 Value="%26rdquo;"/>
					<_194 Value="%26real;"/>
					<_195 Value="%26reg;"/>
					<_196 Value="%26rfloor;"/>
					<_197 Value="%26rho;"/>
					<_198 Value="%26Rho;"/>
					<_199 Value="%26rlm;"/>
					<_200 Value="%26rsaquo;"/>
					<_201 Value="%26rsquo;"/>
					<_202 Value="%26sbquo;"/>
					<_203 Value="%26Scaron;"/>
					<_204 Value="%26scaron;"/>
					<_205 Value="%26sdot;"/>
					<_206 Value="%26sect;"/>
					<_207 Value="%26shy;"/>
					<_208 Value="%26sigma;"/>
					<_209 Value="%26Sigma;"/>
					<_210 Value="%26sigmaf;"/>
					<_211 Value="%26sim;"/>
					<_212 Value="%26spades;"/>
					<_213 Value="%26sub;"/>
					<_214 Value="%26sube;"/>
					<_215 Value="%26sum;"/>
					<_216 Value="%26sup;"/>
					<_217 Value="%26sup1;"/>
					<_218 Value="%26sup2;"/>
					<_219 Value="%26sup2;"/>
					<_220 Value="%26sup3;"/>
					<_221 Value="%26supe;"/>
					<_222 Value="%26szlig;"/>
					<_223 Value="%26tau;"/>
					<_224 Value="%26Tau;"/>
					<_225 Value="%26there4;"/>
					<_226 Value="%26theta;"/>
					<_227 Value="%26Theta;"/>
					<_228 Value="%26thetasym;"/>
					<_229 Value="%26thinsp;"/>
					<_230 Value="%26thorn;"/>
					<_231 Value="%26THORN;"/>
					<_232 Value="%26tilde;"/>
					<_233 Value="%26times;"/>
					<_234 Value="%26trade;"/>
					<_235 Value="%26uacute;"/>
					<_236 Value="%26Uacute;"/>
					<_237 Value="%26uArr;"/>
					<_238 Value="%26uarr;"/>
					<_239 Value="%26ucirc;"/>
					<_240 Value="%26Ucirc;"/>
					<_241 Value="%26Ugrave;"/>
					<_242 Value="%26ugrave;"/>
					<_243 Value="%26uml;"/>
					<_244 Value="%26upsih;"/>
					<_245 Value="%26Upsilon;"/>
					<_246 Value="%26upsilon;"/>
					<_247 Value="%26uuml;"/>
					<_248 Value="%26Uuml;"/>
					<_249 Value="%26weierp;"/>
					<_250 Value="%26xi;"/>
					<_251 Value="%26Xi;"/>
					<_252 Value="%26Yacute;"/>
					<_253 Value="%26yacute;"/>
					<_254 Value="%26yen;"/>
					<_255 Value="%26Yuml;"/>
					<_256 Value="%26yuml;"/>
					<_257 Value="%26zeta;"/>
					<_258 Value="%26Zeta;"/>
					<_259 Value="%26zwj;"/>
					<_260 Value="%26zwnj;"/>
				</Items>
			</_1>
			<_2 Value="TBasicTextGrammarItem">
				<ElementStr Value="%02Keyword"/>
				<CaseSensitive Value="True"/>
				<IsRegExp Value="True"/>
				<Text Value="%26#\d+;"/>
			</_2>
			<_3 Value="TDelimitedTextGrammarItem">
				<ElementStr Value="%02String"/>
				<CaseSensitive Value="True"/>
				<IsRegExp Value="False"/>
				<Text Value="%22"/>
				<Escape Value="0"/>
				<StopEOL Value="True"/>
				<StopText Value="%22"/>
			</_3>
			<_4 Value="TDelimitedTextGrammarItem">
				<ElementStr Value="%02String"/>
				<CaseSensitive Value="True"/>
				<IsRegExp Value="False"/>
				<Text Value="'"/>
				<Escape Value="0"/>
				<StopEOL Value="True"/>
				<StopText Value="'"/>
			</_4>
			<_5 Value="TDelimitedTextGrammarItem">
				<ElementStr Value="%02Comment"/>
				<CaseSensitive Value="True"/>
				<IsRegExp Value="False"/>
				<Text Value="%3C!--"/>
				<Escape Value="0"/>
				<StopEOL Value="False"/>
				<StopText Value="--%3E"/>
			</_5>
			<_6 Value="TListTextGrammarItem">
				<ElementStr Value="%02Operator"/>
				<CaseSensitive Value="True"/>
				<IsRegExp Value="False"/>
				<Items>
					<_0 Value=","/>
					<_1 Value="="/>
				</Items>
			</_6>
		</Grammar>
		<IdentifierCaseSig Value="True"/>
		<IndentCaseSig Value="True"/>
		<KeywordCaseSig Value="False"/>
		<LabelCaseSig Value="True"/>
		<LineBased Value="False"/>
		<LineNumCaseSig Value="True"/>
		<Mask Value="*.asp;*.ascx;*.aspx;*.htm;*.html"/>
		<NumberCaseSig Value="True"/>
		<OperatorCaseSig Value="True"/>
		<StringCaseSig Value="True"/>
		<TabAsSpaces Value="False"/>
		<TabSize Value="4"/>
		<TidyLeadingWS Value="False"/>
		<TrimTrailingWS Value="False"/>
	</TTextFormat>
	<TTextFormat Value="Java Source">
		<CharPerLine Value="4096"/>
		<CodePageDetect Value="True"/>
		<ColBased Value="False"/>
		<CommentCaseSig Value="True"/>
		<ConvertKind Value="convertNone"/>
		<CtrlZIsEOF Value="False"/>
		<Description>
			<_0 Value="%02JAVA"/>
		</Description>
		<DirectiveCaseSig Value="True"/>
		<EnvironVarCaseSig Value="True"/>
		<Grammar>
			<_0 Value="TListTextGrammarItem">
				<ElementStr Value="%02Keyword"/>
				<CaseSensitive Value="True"/>
				<IsRegExp Value="False"/>
				<Items>
					<_0 Value="abstract"/>
					<_1 Value="assert"/>
					<_2 Value="boolean"/>
					<_3 Value="break"/>
					<_4 Value="byte"/>
					<_5 Value="case"/>
					<_6 Value="catch"/>
					<_7 Value="char"/>
					<_8 Value="class"/>
					<_9 Value="const"/>
					<_10 Value="continue"/>
					<_11 Value="default"/>
					<_12 Value="do"/>
					<_13 Value="double"/>
					<_14 Value="else"/>
					<_15 Value="enum"/>
					<_16 Value="extends"/>
					<_17 Value="final"/>
					<_18 Value="finally"/>
					<_19 Value="float"/>
					<_20 Value="for"/>
					<_21 Value="goto"/>
					<_22 Value="if"/>
					<_23 Value="implements"/>
					<_24 Value="import"/>
					<_25 Value="instanceof"/>
					<_26 Value="int"/>
					<_27 Value="interface"/>
					<_28 Value="long"/>
					<_29 Value="native"/>
					<_30 Value="new"/>
					<_31 Value="package"/>
					<_32 Value="private"/>
					<_33 Value="protected"/>
					<_34 Value="public"/>
					<_35 Value="return"/>
					<_36 Value="short"/>
					<_37 Value="static"/>
					<_38 Value="strictfp"/>
					<_39 Value="super"/>
					<_40 Value="switch"/>
					<_41 Value="synchronized"/>
					<_42 Value="this"/>
					<_43 Value="throw"/>
					<_44 Value="throws"/>
					<_45 Value="transient"/>
					<_46 Value="try"/>
					<_47 Value="void"/>
					<_48 Value="volatile"/>
					<_49 Value="while"/>
				</Items>
			</_0>
			<_1 Value="TBasicTextGrammarItem">
				<ElementStr Value="%02Identifier"/>
				<CaseSensitive Value="False"/>
				<IsRegExp Value="True"/>
				<Text Value="[_a-z]\w*"/>
			</_1>
			<_2 Value="TBasicTextGrammarItem">
				<ElementStr Value="%02Number"/>
				<CaseSensitive Value="False"/>
				<IsRegExp Value="True"/>
				<Text Value="\d+(\.\d+)?(e[+-]?\d+)?"/>
			</_2>
			<_3 Value="TDelimitedTextGrammarItem">
				<ElementStr Value="%02String"/>
				<CaseSensitive Value="True"/>
				<IsRegExp Value="False"/>
				<Text Value="'"/>
				<Escape Value="92"/>
				<StopEOL Value="True"/>
				<StopText Value="'"/>
			</_3>
			<_4 Value="TDelimitedTextGrammarItem">
				<ElementStr Value="%02String"/>
				<CaseSensitive Value="True"/>
				<IsRegExp Value="False"/>
				<Text Value="%22"/>
				<Escape Value="92"/>
				<StopEOL Value="True"/>
				<StopText Value="%22"/>
			</_4>
			<_5 Value="TDelimitedTextGrammarItem">
				<ElementStr Value="%02Comment"/>
				<CaseSensitive Value="True"/>
				<IsRegExp Value="False"/>
				<Text Value="//"/>
				<Escape Value="0"/>
				<StopEOL Value="True"/>
				<StopText Value=""/>
			</_5>
			<_6 Value="TDelimitedTextGrammarItem">
				<ElementStr Value="%02Comment"/>
				<CaseSensitive Value="True"/>
				<IsRegExp Value="False"/>
				<Text Value="/*"/>
				<Escape Value="0"/>
				<StopEOL Value="False"/>
				<StopText Value="*/"/>
			</_6>
			<_7 Value="TListTextGrammarItem">
				<ElementStr Value="%02Operator"/>
				<CaseSensitive Value="True"/>
				<IsRegExp Value="False"/>
				<Items>
					<_0 Value="("/>
					<_1 Value=")"/>
					<_2 Value="{"/>
					<_3 Value="}"/>
					<_4 Value="["/>
					<_5 Value="]"/>
					<_6 Value=";"/>
					<_7 Value=","/>
					<_8 Value="."/>
					<_9 Value="="/>
					<_10 Value="=="/>
					<_11 Value="+"/>
					<_12 Value="+="/>
					<_13 Value="%3E"/>
					<_14 Value="%3C="/>
					<_15 Value="-"/>
					<_16 Value="-="/>
					<_17 Value="%3C"/>
					<_18 Value="%3E="/>
					<_19 Value="*"/>
					<_20 Value="*="/>
					<_21 Value="!"/>
					<_22 Value="!="/>
					<_23 Value="~"/>
					<_24 Value="%26%26"/>
					<_25 Value="/"/>
					<_26 Value="/="/>
					<_27 Value="?"/>
					<_28 Value="||"/>
					<_29 Value="|"/>
					<_30 Value="|="/>
					<_31 Value=":"/>
					<_32 Value="++"/>
					<_33 Value="^"/>
					<_34 Value="^="/>
					<_35 Value="--"/>
					<_36 Value="%"/>
					<_37 Value="%="/>
					<_38 Value="%3C%3C"/>
					<_39 Value="%3C%3C="/>
					<_40 Value="%3E%3E"/>
					<_41 Value="%3E%3E="/>
					<_42 Value="%3E%3E%3E"/>
					<_43 Value="%3E%3E%3E="/>
				</Items>
			</_7>
		</Grammar>
		<IdentifierCaseSig Value="True"/>
		<IndentCaseSig Value="True"/>
		<KeywordCaseSig Value="True"/>
		<LabelCaseSig Value="True"/>
		<LineBased Value="False"/>
		<LineNumCaseSig Value="True"/>
		<Mask Value="*.jav;*.java"/>
		<NumberCaseSig Value="True"/>
		<OperatorCaseSig Value="True"/>
		<StringCaseSig Value="True"/>
		<TabAsSpaces Value="False"/>
		<TabSize Value="4"/>
		<TidyLeadingWS Value="False"/>
		<TrimTrailingWS Value="False"/>
	</TTextFormat>
	<TMP3Format Value="MP3 Files">
		<Description>
			<_0 Value="%02MP3"/>
		</Description>
		<Mask Value="*.mp3;*.mpeg3;*.tag"/>
	</TMP3Format>
	<TDataFormat Value="MS Excel Workbooks">
		<CodePageDetect Value="True"/>
		<ConvertKind Value="convertApp"/>
		<ConvertLoadApp Value="wscript Helpers\XLS_to_TAB_Single.vbs %s %t"/>
		<ConvertNoEdit Value="True"/>
		<CtrlZIsEOF Value="False"/>
		<DecimalKind Value="decSystem"/>
		<Description>
			<_0 Value="%02MSEXCEL"/>
		</Description>
		<DlmDelimiters Value="9"/>
		<DlmDetect Value="False"/>
		<DlmIgnoreMultipleDelims Value="False"/>
		<DlmQualifier Value="34"/>
		<DlmTrimWS Value="True"/>
		<FmtType Value="fmtDelimited"/>
		<HasNamesDetect Value="True"/>
		<Mask Value="*.xls;*.xlsm;*.xlsx"/>
	</TDataFormat>
	<TTextFormat Value="MS Word Documents">
		<CharPerLine Value="4096"/>
	</TTextFormat>
		<CodePageDetect Value="True"/>
		<ColBased Value="False"/>
		<CommentCaseSig Value="True"/>
		<ConvertKind Value="convertMSWord"/>
		<CtrlZIsEOF Value="False"/>
		<Description>
			<_0 Value="%02MSWORD"/>
		</Description>
		<DirectiveCaseSig Value="True"/>
		<EnvironVarCaseSig Value="True"/>
		<IdentifierCaseSig Value="True"/>
		<IndentCaseSig Value="True"/>
		<KeywordCaseSig Value="True"/>
	</TPixFormat>
	<TTextFormat Value="&#2;PYTHON">
		<LabelCaseSig Value="True"/>
		<LineBased Value="False"/>
		<LineNumCaseSig Value="True"/>
		<Mask Value="*.doc;*.docm;*.docx;*.dot;*.dotm;*.dotx"/>
		<NumberCaseSig Value="True"/>
		<OperatorCaseSig Value="True"/>
		<StringCaseSig Value="True"/>
		<TabAsSpaces Value="False"/>
		<TabSize Value="8"/>
		<TidyLeadingWS Value="False"/>
		<TrimTrailingWS Value="False"/>
	</TTextFormat>
	<TTextFormat Value="PDF Documents">
		<CharPerLine Value="4096"/>
		<CodePageDetect Value="True"/>
		<ColBased Value="False"/>
		<CommentCaseSig Value="True"/>
		<ConvertKind Value="convertAppAnsi"/>
		<ConvertLoadApp Value="Helpers\PdfToText.exe -enc UTF-8 -layout -nopgbrk %s %t"/>
		<ConvertNoEdit Value="True"/>
		<CtrlZIsEOF Value="False"/>
		<Description>
			<_0 Value="%02PDF"/>
		</Description>
		<DirectiveCaseSig Value="True"/>
		<EnvironVarCaseSig Value="True"/>
		<IdentifierCaseSig Value="True"/>
		<IndentCaseSig Value="True"/>
		<KeywordCaseSig Value="True"/>
		<LabelCaseSig Value="True"/>
		<LineBased Value="False"/>
		<LineNumCaseSig Value="True"/>
		<Mask Value="*.pdf"/>
		<NumberCaseSig Value="True"/>
	</TTextFormat>
		<OperatorCaseSig Value="True"/>
		<StringCaseSig Value="True"/>
		<TabAsSpaces Value="False"/>
		<TabSize Value="8"/>
		<TidyLeadingWS Value="False"/>
		<TrimTrailingWS Value="False"/>
	</TTextFormat>
	<TTextFormat Value="Perl Scripts">
		<CharPerLine Value="4096"/>
		<CodePageDetect Value="True"/>
		<ColBased Value="False"/>
	<TDataFormat>
		<CommentCaseSig Value="True"/>
		<ConvertKind Value="convertNone"/>
		<CtrlZIsEOF Value="False"/>
		<Description>
			<_0 Value="%02PERL"/>
		</Description>
		<DirectiveCaseSig Value="True"/>
		<EnvironVarCaseSig Value="True"/>
		<Grammar>
			<_0 Value="TListTextGrammarItem">
				<ElementStr Value="%02Keyword"/>
				<CaseSensitive Value="True"/>
				<IsRegExp Value="False"/>
				<Items>
					<_0 Value="abs"/>
					<_1 Value="accept"/>
					<_2 Value="alarm"/>
					<_3 Value="and"/>
					<_4 Value="atan2"/>
					<_5 Value="bind"/>
					<_6 Value="binmode"/>
					<_7 Value="bless"/>
					<_8 Value="caller"/>
					<_9 Value="carp"/>
					<_10 Value="chdir"/>
					<_11 Value="chmod"/>
					<_12 Value="chomp"/>
					<_13 Value="chop"/>
					<_14 Value="chown"/>
					<_15 Value="chr"/>
					<_16 Value="chroot"/>
					<_17 Value="close"/>
					<_18 Value="closedir"/>
					<_19 Value="cmp"/>
					<_20 Value="confess"/>
					<_21 Value="connect"/>
					<_22 Value="continue"/>
					<_23 Value="cos"/>
					<_24 Value="croak"/>
					<_25 Value="crypt"/>
					<_26 Value="dbmclose"/>
					<_27 Value="dbmopen"/>
					<_28 Value="defined"/>
					<_29 Value="delete"/>
					<_30 Value="die"/>
					<_31 Value="do"/>
					<_32 Value="dump"/>
					<_33 Value="each"/>
					<_34 Value="else"/>
					<_35 Value="elsif"/>
					<_36 Value="endgrent"/>
					<_37 Value="endhostent"/>
					<_38 Value="endnetent"/>
					<_39 Value="endprotoent"/>
					<_40 Value="endpwent"/>
					<_41 Value="endservent"/>
					<_42 Value="eof"/>
					<_43 Value="eq"/>
					<_44 Value="err"/>
					<_45 Value="eval"/>
					<_46 Value="exec"/>
					<_47 Value="exists"/>
					<_48 Value="exit"/>
					<_49 Value="exp"/>
					<_50 Value="fcntl"/>
					<_51 Value="fileno"/>
					<_52 Value="flock"/>
					<_53 Value="for"/>
					<_54 Value="foreach"/>
					<_55 Value="fork"/>
					<_56 Value="formline"/>
					<_57 Value="ge"/>
					<_58 Value="getc"/>
					<_59 Value="getgrent"/>
					<_60 Value="getgrgid"/>
					<_61 Value="getgrnam"/>
					<_62 Value="gethostbyaddr"/>
					<_63 Value="gethostbyname"/>
					<_64 Value="gethostent"/>
					<_65 Value="getlogin"/>
					<_66 Value="getnetbyaddr"/>
					<_67 Value="getnetbyname"/>
					<_68 Value="getnetent"/>
					<_69 Value="getpeername"/>
					<_70 Value="getpgrp"/>
					<_71 Value="getppid"/>
					<_72 Value="getpriority"/>
					<_73 Value="getprotobyname"/>
					<_74 Value="getprotobynumber"/>
					<_75 Value="getprotoent"/>
					<_76 Value="getpwent"/>
					<_77 Value="getpwnam"/>
					<_78 Value="getpwuid"/>
					<_79 Value="getservbyname"/>
					<_80 Value="getservbyport"/>
					<_81 Value="getservent"/>
					<_82 Value="getsockname"/>
					<_83 Value="getsockopt"/>
					<_84 Value="glob"/>
					<_85 Value="gmtime"/>
					<_86 Value="goto"/>
					<_87 Value="grep"/>
					<_88 Value="gt"/>
					<_89 Value="hex"/>
					<_90 Value="if"/>
					<_91 Value="import"/>
					<_92 Value="index"/>
					<_93 Value="int"/>
					<_94 Value="integer"/>
					<_95 Value="ioctl"/>
					<_96 Value="join"/>
					<_97 Value="keys"/>
					<_98 Value="kill"/>
					<_99 Value="last"/>
					<_100 Value="lc"/>
					<_101 Value="lcfirst"/>
					<_102 Value="le"/>
					<_103 Value="length"/>
					<_104 Value="link"/>
					<_105 Value="listen"/>
					<_106 Value="local"/>
					<_107 Value="localtime"/>
					<_108 Value="lock"/>
					<_109 Value="log"/>
					<_110 Value="lstat"/>
					<_111 Value="lt"/>
					<_112 Value="map"/>
					<_113 Value="mkdir"/>
					<_114 Value="msgctl"/>
					<_115 Value="msgget"/>
					<_116 Value="msgrcv"/>
					<_117 Value="msgsnd"/>
					<_118 Value="my"/>
					<_119 Value="ne"/>
					<_120 Value="new"/>
					<_121 Value="next"/>
					<_122 Value="no"/>
					<_123 Value="not"/>
					<_124 Value="oct"/>
					<_125 Value="open"/>
					<_126 Value="opendir"/>
					<_127 Value="or"/>
					<_128 Value="ord"/>
					<_129 Value="our"/>
					<_130 Value="pack"/>
					<_131 Value="package"/>
					<_132 Value="pipe"/>
					<_133 Value="pop"/>
					<_134 Value="pos"/>
					<_135 Value="print"/>
					<_136 Value="printf"/>
					<_137 Value="prototype"/>
					<_138 Value="push"/>
					<_139 Value="quotemeta"/>
					<_140 Value="rand"/>
					<_141 Value="read"/>
					<_142 Value="readdir"/>
					<_143 Value="readline"/>
					<_144 Value="readlink"/>
					<_145 Value="readpipe"/>
					<_146 Value="recv"/>
					<_147 Value="redo"/>
					<_148 Value="ref"/>
					<_149 Value="rename"/>
					<_150 Value="require"/>
					<_151 Value="reset"/>
					<_152 Value="return"/>
					<_153 Value="reverse"/>
					<_154 Value="rewinddir"/>
					<_155 Value="rindex"/>
					<_156 Value="rmdir"/>
					<_157 Value="scalar"/>
					<_158 Value="seek"/>
					<_159 Value="seekdir"/>
					<_160 Value="select"/>
					<_161 Value="semctl"/>
					<_162 Value="semget"/>
					<_163 Value="semop"/>
					<_164 Value="send"/>
					<_165 Value="setgrent"/>
					<_166 Value="sethostent"/>
					<_167 Value="setnetent"/>
					<_168 Value="setpgrp"/>
					<_169 Value="setpriority"/>
					<_170 Value="setprotoent"/>
					<_171 Value="setpwent"/>
					<_172 Value="setservent"/>
					<_173 Value="setsockopt"/>
					<_174 Value="shift"/>
					<_175 Value="shmctl"/>
					<_176 Value="shmget"/>
					<_177 Value="shmread"/>
					<_178 Value="shmwrite"/>
					<_179 Value="shutdown"/>
					<_180 Value="sin"/>
					<_181 Value="sleep"/>
					<_182 Value="socket"/>
					<_183 Value="socketpair"/>
					<_184 Value="sort"/>
					<_185 Value="splice"/>
					<_186 Value="split"/>
					<_187 Value="sprintf"/>
					<_188 Value="sqrt"/>
					<_189 Value="srand"/>
					<_190 Value="stat"/>
					<_191 Value="study"/>
					<_192 Value="sub"/>
					<_193 Value="substr"/>
					<_194 Value="switch"/>
					<_195 Value="symlink"/>
					<_196 Value="syscall"/>
					<_197 Value="sysopen"/>
					<_198 Value="sysread"/>
					<_199 Value="sysseek"/>
					<_200 Value="system"/>
					<_201 Value="syswrite"/>
					<_202 Value="tell"/>
					<_203 Value="telldir"/>
					<_204 Value="tie"/>
					<_205 Value="tied"/>
					<_206 Value="time"/>
					<_207 Value="times"/>
					<_208 Value="truncate"/>
					<_209 Value="uc"/>
					<_210 Value="ucfirst"/>
					<_211 Value="umask"/>
					<_212 Value="undef"/>
					<_213 Value="unless"/>
					<_214 Value="unlink"/>
					<_215 Value="unpack"/>
					<_216 Value="unshift"/>
					<_217 Value="untie"/>
					<_218 Value="until"/>
					<_219 Value="use"/>
					<_220 Value="utime"/>
					<_221 Value="values"/>
					<_222 Value="vec"/>
					<_223 Value="wait"/>
					<_224 Value="waitpid"/>
					<_225 Value="wantarray"/>
					<_226 Value="warn"/>
					<_227 Value="while"/>
					<_228 Value="write"/>
					<_229 Value="xor"/>
				</Items>
			</_0>
			<_1 Value="TListTextGrammarItem">
				<ElementStr Value="%02Identifier"/>
				<CaseSensitive Value="False"/>
				<IsRegExp Value="True"/>
				<Items>
					<_0 Value="[@%$]\w+"/>
					<_1 Value="[_a-z]\w*"/>
					<_2 Value="\$[%26`']"/>
				</Items>
			</_1>
			<_2 Value="TListTextGrammarItem">
				<ElementStr Value="%02Number"/>
				<CaseSensitive Value="False"/>
				<IsRegExp Value="True"/>
				<Items>
					<_0 Value="\d+(\.\d+)?"/>
					<_1 Value="0x[a-f\d]+"/>
				</Items>
			</_2>
			<_3 Value="TDelimitedTextGrammarItem">
				<ElementStr Value="%02String"/>
				<CaseSensitive Value="True"/>
				<IsRegExp Value="False"/>
				<Text Value="%22"/>
				<Escape Value="92"/>
				<StopEOL Value="False"/>
				<StopText Value="%22"/>
			</_3>
			<_4 Value="TDelimitedTextGrammarItem">
				<ElementStr Value="%02String"/>
				<CaseSensitive Value="True"/>
				<IsRegExp Value="False"/>
				<Text Value="'"/>
				<Escape Value="92"/>
				<StopEOL Value="False"/>
				<StopText Value="'"/>
			</_4>
			<_5 Value="TListTextGrammarItem">
				<ElementStr Value="%02String"/>
				<CaseSensitive Value="True"/>
				<IsRegExp Value="True"/>
				<Items>
					<_0 Value="(q|qq|qw)\([^)]+\)"/>
					<_1 Value="(q|qq|qw)\[[^\]]+]"/>
					<_2 Value="(q|qq|qw)\{[^}]+}"/>
					<_3 Value="(s|tr)#([^#]*#){2}"/>
					<_4 Value="(s|tr)/([^/]*/){2}"/>
					<_5 Value="(s|tr)\(([^)]*\)){2}"/>
					<_6 Value="(s|tr)\[([^\]]*\]){2}"/>
					<_7 Value="(s|tr)\{([^}]*\}){2}"/>
					<_8 Value="(s|tr)\|([^|]*\|){2}"/>
					<_9 Value="/[^/]*/"/>
				</Items>
			</_5>
			<_6 Value="TDelimitedTextGrammarItem">
				<ElementStr Value="%02Comment"/>
				<CaseSensitive Value="True"/>
				<IsRegExp Value="False"/>
				<Text Value="#"/>
				<Escape Value="0"/>
				<StopEOL Value="True"/>
				<StopText Value=""/>
			</_6>
			<_7 Value="TDelimitedTextGrammarItem">
				<ElementStr Value="%02Comment"/>
				<CaseSensitive Value="True"/>
				<IsRegExp Value="True"/>
				<Text Value="^=(head\d|item|pod)"/>
				<Escape Value="0"/>
				<StopEOL Value="False"/>
				<StopText Value="^=cut.*"/>
			</_7>
			<_8 Value="TDelimitedTextGrammarItem">
				<ElementStr Value="%02Comment"/>
				<CaseSensitive Value="True"/>
				<IsRegExp Value="True"/>
				<Text Value="^=over"/>
				<Escape Value="0"/>
				<StopEOL Value="False"/>
				<StopText Value="^=back.*"/>
			</_8>
			<_9 Value="TDelimitedTextGrammarItem">
				<ElementStr Value="%02Comment"/>
				<CaseSensitive Value="True"/>
				<IsRegExp Value="True"/>
				<Text Value="^=begin"/>
				<Escape Value="0"/>
				<StopEOL Value="False"/>
				<StopText Value="^=end.*"/>
			</_9>
			<_10 Value="TListTextGrammarItem">
				<ElementStr Value="%02Operator"/>
				<CaseSensitive Value="True"/>
				<IsRegExp Value="False"/>
				<Items>
					<_0 Value="+"/>
					<_1 Value="-"/>
					<_2 Value="%26"/>
					<_3 Value="|"/>
					<_4 Value="!"/>
					<_5 Value="~"/>
					<_6 Value="*"/>
					<_7 Value="/"/>
					<_8 Value="\"/>
					<_9 Value="%"/>
					<_10 Value="%3C"/>
					<_11 Value="%3E"/>
					<_12 Value="?"/>
					<_13 Value="^"/>
					<_14 Value=","/>
					<_15 Value="="/>
					<_16 Value="\%22"/>
					<_17 Value="\'"/>
				</Items>
			</_10>
		</Grammar>
		<IdentifierCaseSig Value="True"/>
		<IndentCaseSig Value="True"/>
		<KeywordCaseSig Value="True"/>
		<LabelCaseSig Value="True"/>
		<LineBased Value="False"/>
		<LineNumCaseSig Value="True"/>
		<Mask Value="*.pl;*.pm"/>
		<NumberCaseSig Value="True"/>
		<OperatorCaseSig Value="True"/>
		<StringCaseSig Value="True"/>
		<TabAsSpaces Value="False"/>
		<TabSize Value="4"/>
		<TidyLeadingWS Value="False"/>
		<TrimTrailingWS Value="False"/>
	</TTextFormat>
	<TPixFormat Value="Picture Files">
		<ConvertKind Value="convertNone"/>
		<Description>
			<_0 Value="%02PIX"/>
		</Description>
		<Mask Value="*.bmp;*.bw;*.cel;*.cut;*.dib;*.emf;*.eps;*.fax;*.ged;*.gif;*.icb;*.ico;*.jfif;*.jpe;*.jpeg;*.jpg;*.msk;*.pbm;*.pcc;*.pcd;*.pcx;*.pdd;*.pfr;*.pgm;*.pic;*.png;*.ppm;*.psd;*.psp;*.rgb;*.rgba;*.rla;*.rle;*.rpf;*.scr;*.sgi;*.tga;*.tif;*.tiff;*.tub;*.vda;*.vst;*.win;*.wmf"/>
	</TPixFormat>
	<TTextFormat Value="Python Scripts">
		<CharPerLine Value="4096"/>
		<CodePageDetect Value="True"/>
		<ColBased Value="False"/>
		<CommentCaseSig Value="False"/>
		<ConvertKind Value="convertNone"/>
		<CtrlZIsEOF Value="False"/>
		<Description>
			<_0 Value="%02PYTHON"/>
		</Description>
		<DirectiveCaseSig Value="True"/>
		<EnvironVarCaseSig Value="True"/>
		<Grammar>
			<_0 Value="TListTextGrammarItem">
				<ElementStr Value="%02Keyword"/>
				<CaseSensitive Value="True"/>
				<IsRegExp Value="False"/>
				<Items>
					<_0 Value="and"/>
					<_1 Value="assert"/>
					<_2 Value="break"/>
					<_3 Value="class"/>
					<_4 Value="continue"/>
					<_5 Value="def"/>
					<_6 Value="del"/>
					<_7 Value="elif"/>
					<_8 Value="else"/>
					<_9 Value="except"/>
					<_10 Value="exec"/>
					<_11 Value="finally"/>
					<_12 Value="for"/>
					<_13 Value="from"/>
					<_14 Value="global"/>
					<_15 Value="if"/>
					<_16 Value="import"/>
					<_17 Value="in"/>
					<_18 Value="is"/>
					<_19 Value="lambda"/>
					<_20 Value="not"/>
					<_21 Value="or"/>
					<_22 Value="pass"/>
					<_23 Value="print"/>
					<_24 Value="raise"/>
					<_25 Value="return"/>
					<_26 Value="try"/>
					<_27 Value="while"/>
					<_28 Value="yield"/>
				</Items>
			</_0>
			<_1 Value="TBasicTextGrammarItem">
				<ElementStr Value="%02Identifier"/>
				<CaseSensitive Value="False"/>
				<IsRegExp Value="True"/>
				<Text Value="[_a-z]\w*"/>
			</_1>
			<_2 Value="TBasicTextGrammarItem">
				<ElementStr Value="%02Number"/>
				<CaseSensitive Value="True"/>
				<IsRegExp Value="True"/>
				<Text Value="\d+(\.\d+)"/>
			</_2>
			<_3 Value="TDelimitedTextGrammarItem">
				<ElementStr Value="%02String"/>
				<CaseSensitive Value="True"/>
				<IsRegExp Value="False"/>
				<Text Value="'"/>
				<Escape Value="92"/>
				<StopEOL Value="True"/>
				<StopText Value="'"/>
			</_3>
			<_4 Value="TDelimitedTextGrammarItem">
				<ElementStr Value="%02String"/>
				<CaseSensitive Value="True"/>
				<IsRegExp Value="False"/>
				<Text Value="%22"/>
				<Escape Value="92"/>
				<StopEOL Value="True"/>
				<StopText Value="%22"/>
			</_4>
			<_5 Value="TDelimitedTextGrammarItem">
				<ElementStr Value="%02String"/>
				<CaseSensitive Value="True"/>
				<IsRegExp Value="False"/>
				<Text Value="'''"/>
				<Escape Value="0"/>
				<StopEOL Value="False"/>
				<StopText Value="'''"/>
			</_5>
			<_6 Value="TDelimitedTextGrammarItem">
				<ElementStr Value="%02String"/>
				<CaseSensitive Value="True"/>
				<IsRegExp Value="False"/>
				<Text Value="%22%22%22"/>
				<Escape Value="0"/>
				<StopEOL Value="False"/>
				<StopText Value="%22%22%22"/>
			</_6>
			<_7 Value="TDelimitedTextGrammarItem">
				<ElementStr Value="%02Comment"/>
				<CaseSensitive Value="True"/>
				<IsRegExp Value="True"/>
				<Text Value="\s*#"/>
				<Escape Value="0"/>
				<StopEOL Value="True"/>
				<StopText Value=""/>
			</_7>
			<_8 Value="TBasicTextGrammarItem">
				<ElementStr Value="%02Comment"/>
				<CaseSensitive Value="False"/>
				<IsRegExp Value="True"/>
				<Text Value="\s+$"/>
			</_8>
			<_9 Value="TListTextGrammarItem">
				<ElementStr Value="%02Operator"/>
				<CaseSensitive Value="True"/>
				<IsRegExp Value="False"/>
				<Items>
					<_0 Value="+"/>
					<_1 Value="-"/>
					<_2 Value="*"/>
					<_3 Value="**"/>
					<_4 Value="/"/>
					<_5 Value="//"/>
					<_6 Value="%"/>
					<_7 Value="%3C%3C"/>
					<_8 Value="%3E%3E"/>
					<_9 Value="%26"/>
					<_10 Value="|"/>
					<_11 Value="^"/>
					<_12 Value="~"/>
					<_13 Value="%3C"/>
					<_14 Value="%3E"/>
					<_15 Value="%3C="/>
					<_16 Value="%3E="/>
					<_17 Value="=="/>
					<_18 Value="!="/>
					<_19 Value="%3C%3E"/>
					<_20 Value="("/>
					<_21 Value=")"/>
					<_22 Value="["/>
					<_23 Value="]"/>
					<_24 Value="{"/>
					<_25 Value="}"/>
					<_26 Value="@"/>
					<_27 Value=","/>
					<_28 Value=";"/>
					<_29 Value="."/>
					<_30 Value="`"/>
					<_31 Value="="/>
					<_32 Value=";"/>
					<_33 Value="+="/>
					<_34 Value="-="/>
					<_35 Value="*="/>
					<_36 Value="/="/>
					<_37 Value="//="/>
					<_38 Value="%="/>
					<_39 Value="%26="/>
					<_40 Value="|="/>
					<_41 Value="^="/>
					<_42 Value="%3E%3E="/>
					<_43 Value="%3C%3C="/>
					<_44 Value="**="/>
				</Items>
			</_9>
			<_10 Value="TBasicTextGrammarItem">
				<ElementStr Value="%02Indent"/>
				<CaseSensitive Value="False"/>
				<IsRegExp Value="True"/>
				<Text Value="^\s+"/>
			</_10>
		</Grammar>
		<IdentifierCaseSig Value="False"/>
		<IndentCaseSig Value="True"/>
		<KeywordCaseSig Value="False"/>
		<LabelCaseSig Value="True"/>
		<LineBased Value="False"/>
		<LineNumCaseSig Value="True"/>
		<Mask Value="*.py"/>
		<NumberCaseSig Value="False"/>
		<OperatorCaseSig Value="True"/>
		<StringCaseSig Value="True"/>
		<TabAsSpaces Value="False"/>
		<TabSize Value="4"/>
		<TidyLeadingWS Value="False"/>
		<TrimTrailingWS Value="False"/>
	</TTextFormat>
	<TTextFormat Value="Registry Dumps">
		<CharPerLine Value="4096"/>
		<CodePageDetect Value="True"/>
		<ColBased Value="False"/>
		<CommentCaseSig Value="True"/>
		<ConvertKind Value="convertNone"/>
		<CtrlZIsEOF Value="False"/>
		<Description>
			<_0 Value="%02REG"/>
		</Description>
		<DirectiveCaseSig Value="True"/>
		<EnvironVarCaseSig Value="True"/>
		<Grammar>
			<_0 Value="TListTextGrammarItem">
				<ElementStr Value="%02Keyword"/>
				<CaseSensitive Value="True"/>
				<IsRegExp Value="True"/>
				<Items>
					<_0 Value="dword"/>
					<_1 Value="hex(\([0-9a-f]\))?"/>
				</Items>
			</_0>
			<_1 Value="TDelimitedTextGrammarItem">
				<ElementStr Value="%02String"/>
				<CaseSensitive Value="True"/>
				<IsRegExp Value="False"/>
				<Text Value="%22"/>
				<Escape Value="92"/>
				<StopEOL Value="True"/>
				<StopText Value="%22"/>
			</_1>
			<_2 Value="TDelimitedTextGrammarItem">
				<ElementStr Value="%02Comment"/>
				<CaseSensitive Value="True"/>
				<IsRegExp Value="False"/>
				<Text Value=";"/>
				<Escape Value="0"/>
				<StopEOL Value="True"/>
				<StopText Value=""/>
			</_2>
			<_3 Value="TListTextGrammarItem">
				<ElementStr Value="%02Operator"/>
				<CaseSensitive Value="True"/>
				<IsRegExp Value="False"/>
				<Items>
					<_0 Value="="/>
					<_1 Value=":"/>
				</Items>
			</_3>
		</Grammar>
		<IdentifierCaseSig Value="True"/>
		<IndentCaseSig Value="True"/>
		<KeywordCaseSig Value="True"/>
		<LabelCaseSig Value="True"/>
		<LineBased Value="False"/>
		<LineNumCaseSig Value="True"/>
		<Mask Value="*.ini;*.reg"/>
		<NumberCaseSig Value="True"/>
		<OperatorCaseSig Value="True"/>
		<StringCaseSig Value="True"/>
		<TabAsSpaces Value="False"/>
		<TabSize Value="8"/>
		<TidyLeadingWS Value="False"/>
		<TrimTrailingWS Value="False"/>
	</TTextFormat>
	<TTextFormat Value="RTF">
		<CharPerLine Value="4096"/>
		<CodePageDetect Value="True"/>
		<ColBased Value="False"/>
		<CommentCaseSig Value="True"/>
		<ConvertKind Value="convertRTF"/>
		<CtrlZIsEOF Value="False"/>
		<Description>
			<_0 Value="%02RTF"/>
		</Description>
		<DirectiveCaseSig Value="True"/>
		<EnvironVarCaseSig Value="True"/>
		<IdentifierCaseSig Value="True"/>
		<IndentCaseSig Value="True"/>
		<KeywordCaseSig Value="True"/>
		<LabelCaseSig Value="True"/>
		<LineBased Value="False"/>
		<LineNumCaseSig Value="True"/>
		<Mask Value="*.rtf"/>
		<NumberCaseSig Value="True"/>
		<OperatorCaseSig Value="True"/>
		<StringCaseSig Value="True"/>
		<TabAsSpaces Value="False"/>
		<TabSize Value="8"/>
		<TidyLeadingWS Value="False"/>
		<TrimTrailingWS Value="False"/>
	</TTextFormat>
	<TTextFormat Value="Sorted">
		<CharPerLine Value="4096"/>
		<CodePageDetect Value="True"/>
		<ColBased Value="False"/>
		<CommentCaseSig Value="True"/>
		<ConvertKind Value="convertSort"/>
		<CtrlZIsEOF Value="False"/>
		<Description>
			<_0 Value="%02SORT"/>
		</Description>
		<DirectiveCaseSig Value="True"/>
		<EnvironVarCaseSig Value="True"/>
		<IdentifierCaseSig Value="True"/>
		<IndentCaseSig Value="True"/>
		<KeywordCaseSig Value="True"/>
		<LabelCaseSig Value="True"/>
		<LineBased Value="False"/>
		<LineNumCaseSig Value="True"/>
		<Mask Value=""/>
		<NumberCaseSig Value="True"/>
		<OperatorCaseSig Value="True"/>
		<StringCaseSig Value="True"/>
		<TabAsSpaces Value="False"/>
		<TabSize Value="8"/>
		<TidyLeadingWS Value="False"/>
		<TrimTrailingWS Value="False"/>
	</TTextFormat>
	<TTextFormat Value="SQL">
		<CharPerLine Value="4096"/>
		<CodePageDetect Value="True"/>
		<ColBased Value="False"/>
		<CommentCaseSig Value="False"/>
		<ConvertKind Value="convertNone"/>
		<CtrlZIsEOF Value="False"/>
		<Description>
			<_0 Value="%02SQL"/>
		</Description>
		<DirectiveCaseSig Value="True"/>
		<EnvironVarCaseSig Value="True"/>
		<Grammar>
			<_0 Value="TListTextGrammarItem">
				<ElementStr Value="%02Keyword"/>
				<CaseSensitive Value="False"/>
				<IsRegExp Value="False"/>
				<Items>
					<_0 Value="absolute"/>
					<_1 Value="action"/>
					<_2 Value="add"/>
					<_3 Value="admin"/>
					<_4 Value="after"/>
					<_5 Value="aggregate"/>
					<_6 Value="alias"/>
					<_7 Value="all"/>
					<_8 Value="allocate"/>
					<_9 Value="alter"/>
					<_10 Value="and"/>
					<_11 Value="any"/>
					<_12 Value="are"/>
					<_13 Value="array"/>
					<_14 Value="as"/>
					<_15 Value="asc"/>
					<_16 Value="assertion"/>
					<_17 Value="at"/>
					<_18 Value="authorization"/>
					<_19 Value="before"/>
					<_20 Value="begin"/>
					<_21 Value="between"/>
					<_22 Value="binary"/>
					<_23 Value="bit"/>
					<_24 Value="blob"/>
					<_25 Value="boolean"/>
					<_26 Value="both"/>
					<_27 Value="breadth"/>
					<_28 Value="by"/>
					<_29 Value="call"/>
					<_30 Value="cascade"/>
					<_31 Value="cascaded"/>
					<_32 Value="case"/>
					<_33 Value="cast"/>
					<_34 Value="catalog"/>
					<_35 Value="char"/>
					<_36 Value="character"/>
					<_37 Value="check"/>
					<_38 Value="class"/>
					<_39 Value="clob"/>
					<_40 Value="close"/>
					<_41 Value="collate"/>
					<_42 Value="collation"/>
					<_43 Value="column"/>
					<_44 Value="commit"/>
					<_45 Value="completion"/>
					<_46 Value="connect"/>
					<_47 Value="connection"/>
					<_48 Value="constraint"/>
					<_49 Value="constraints"/>
					<_50 Value="constructor"/>
					<_51 Value="continue"/>
					<_52 Value="corresponding"/>
					<_53 Value="create"/>
					<_54 Value="cross"/>
					<_55 Value="cube"/>
					<_56 Value="current"/>
					<_57 Value="current_date"/>
					<_58 Value="current_path"/>
					<_59 Value="current_role"/>
					<_60 Value="current_time"/>
					<_61 Value="current_timestamp"/>
					<_62 Value="current_user"/>
					<_63 Value="cursor"/>
					<_64 Value="cycle"/>
					<_65 Value="data"/>
					<_66 Value="date"/>
					<_67 Value="day"/>
					<_68 Value="deallocate"/>
					<_69 Value="dec"/>
					<_70 Value="decimal"/>
					<_71 Value="declare"/>
					<_72 Value="default"/>
					<_73 Value="deferrable"/>
					<_74 Value="deferred"/>
					<_75 Value="delete"/>
					<_76 Value="depth"/>
					<_77 Value="deref"/>
					<_78 Value="desc"/>
					<_79 Value="describe"/>
					<_80 Value="descriptor"/>
					<_81 Value="destroy"/>
					<_82 Value="destructor"/>
					<_83 Value="deterministic"/>
					<_84 Value="diagnostics"/>
					<_85 Value="dictionary"/>
					<_86 Value="disconnect"/>
					<_87 Value="distinct"/>
					<_88 Value="domain"/>
					<_89 Value="double"/>
					<_90 Value="drop"/>
					<_91 Value="dynamic"/>
					<_92 Value="each"/>
					<_93 Value="else"/>
					<_94 Value="end"/>
					<_95 Value="end_exec"/>
					<_96 Value="equals"/>
					<_97 Value="escape"/>
					<_98 Value="every"/>
					<_99 Value="except"/>
					<_100 Value="exception"/>
					<_101 Value="exec"/>
					<_102 Value="execute"/>
					<_103 Value="exists"/>
					<_104 Value="external"/>
					<_105 Value="false"/>
					<_106 Value="fetch"/>
					<_107 Value="first"/>
					<_108 Value="float"/>
					<_109 Value="for"/>
					<_110 Value="foreign"/>
					<_111 Value="found"/>
					<_112 Value="free"/>
					<_113 Value="from"/>
					<_114 Value="full"/>
					<_115 Value="function"/>
					<_116 Value="general"/>
					<_117 Value="get"/>
					<_118 Value="global"/>
					<_119 Value="go"/>
					<_120 Value="goto"/>
					<_121 Value="grant"/>
					<_122 Value="group"/>
					<_123 Value="grouping"/>
					<_124 Value="having"/>
					<_125 Value="host"/>
					<_126 Value="hour"/>
					<_127 Value="identity"/>
					<_128 Value="ignore"/>
					<_129 Value="immediate"/>
					<_130 Value="in"/>
					<_131 Value="indicator"/>
					<_132 Value="initialize"/>
					<_133 Value="initially"/>
					<_134 Value="inner"/>
					<_135 Value="inout"/>
					<_136 Value="input"/>
					<_137 Value="insert"/>
					<_138 Value="int"/>
					<_139 Value="integer"/>
					<_140 Value="intersect"/>
					<_141 Value="interval"/>
					<_142 Value="into"/>
					<_143 Value="is"/>
					<_144 Value="isolation"/>
					<_145 Value="iterate"/>
					<_146 Value="join"/>
					<_147 Value="key"/>
					<_148 Value="language"/>
					<_149 Value="large"/>
					<_150 Value="last"/>
					<_151 Value="lateral"/>
					<_152 Value="leading"/>
					<_153 Value="left"/>
					<_154 Value="less"/>
					<_155 Value="level"/>
					<_156 Value="like"/>
					<_157 Value="limit"/>
					<_158 Value="local"/>
					<_159 Value="localtime"/>
					<_160 Value="localtimestamp"/>
					<_161 Value="locator"/>
					<_162 Value="map"/>
					<_163 Value="match"/>
					<_164 Value="minute"/>
					<_165 Value="modifies"/>
					<_166 Value="modify"/>
					<_167 Value="module"/>
					<_168 Value="month"/>
					<_169 Value="names"/>
					<_170 Value="national"/>
					<_171 Value="natural"/>
					<_172 Value="nchar"/>
					<_173 Value="nclob"/>
					<_174 Value="new"/>
					<_175 Value="next"/>
					<_176 Value="no"/>
					<_177 Value="none"/>
					<_178 Value="not"/>
					<_179 Value="null"/>
					<_180 Value="numeric"/>
					<_181 Value="object"/>
					<_182 Value="of"/>
					<_183 Value="off"/>
					<_184 Value="old"/>
					<_185 Value="on"/>
					<_186 Value="only"/>
					<_187 Value="open"/>
					<_188 Value="operation"/>
					<_189 Value="option"/>
					<_190 Value="or"/>
					<_191 Value="order"/>
					<_192 Value="ordinality"/>
					<_193 Value="out"/>
					<_194 Value="outer"/>
					<_195 Value="output"/>
					<_196 Value="pad"/>
					<_197 Value="parameter"/>
					<_198 Value="parameters"/>
					<_199 Value="partial"/>
					<_200 Value="path"/>
					<_201 Value="postfix"/>
					<_202 Value="precision"/>
					<_203 Value="prefix"/>
					<_204 Value="preorder"/>
					<_205 Value="prepare"/>
					<_206 Value="preserve"/>
					<_207 Value="primary"/>
					<_208 Value="prior"/>
					<_209 Value="privileges"/>
					<_210 Value="procedure"/>
					<_211 Value="public"/>
					<_212 Value="read"/>
					<_213 Value="reads"/>
					<_214 Value="real"/>
					<_215 Value="recursive"/>
					<_216 Value="ref"/>
					<_217 Value="references"/>
					<_218 Value="referencing"/>
					<_219 Value="relative"/>
					<_220 Value="restrict"/>
					<_221 Value="result"/>
					<_222 Value="return"/>
					<_223 Value="returns"/>
					<_224 Value="revoke"/>
					<_225 Value="right"/>
					<_226 Value="role"/>
					<_227 Value="rollback"/>
					<_228 Value="rollup"/>
					<_229 Value="routine"/>
					<_230 Value="row"/>
					<_231 Value="rows"/>
					<_232 Value="savepoint"/>
					<_233 Value="schema"/>
					<_234 Value="scope"/>
					<_235 Value="scroll"/>
					<_236 Value="search"/>
					<_237 Value="second"/>
					<_238 Value="section"/>
					<_239 Value="select"/>
					<_240 Value="sequence"/>
					<_241 Value="session"/>
					<_242 Value="session_user"/>
					<_243 Value="set"/>
					<_244 Value="sets"/>
					<_245 Value="size"/>
					<_246 Value="smallint"/>
					<_247 Value="some"/>
					<_248 Value="space"/>
					<_249 Value="specific"/>
					<_250 Value="specifictype"/>
					<_251 Value="sql"/>
					<_252 Value="sqlexception"/>
					<_253 Value="sqlstate"/>
					<_254 Value="sqlwarning"/>
					<_255 Value="start"/>
					<_256 Value="state"/>
					<_257 Value="statement"/>
					<_258 Value="static"/>
					<_259 Value="structure"/>
					<_260 Value="system_user"/>
					<_261 Value="table"/>
					<_262 Value="temporary"/>
					<_263 Value="terminate"/>
					<_264 Value="than"/>
					<_265 Value="then"/>
					<_266 Value="time"/>
					<_267 Value="timestamp"/>
					<_268 Value="timezone_hour"/>
					<_269 Value="timezone_minute"/>
					<_270 Value="to"/>
					<_271 Value="trailing"/>
					<_272 Value="transaction"/>
					<_273 Value="translation"/>
					<_274 Value="treat"/>
					<_275 Value="trigger"/>
					<_276 Value="true"/>
					<_277 Value="under"/>
					<_278 Value="union"/>
					<_279 Value="unique"/>
					<_280 Value="unknown"/>
					<_281 Value="unnest"/>
					<_282 Value="update"/>
					<_283 Value="usage"/>
					<_284 Value="user"/>
					<_285 Value="using"/>
					<_286 Value="value"/>
					<_287 Value="values"/>
					<_288 Value="varchar"/>
					<_289 Value="variable"/>
					<_290 Value="varying"/>
					<_291 Value="view"/>
					<_292 Value="when"/>
					<_293 Value="whenever"/>
					<_294 Value="where"/>
					<_295 Value="with"/>
					<_296 Value="without"/>
					<_297 Value="work"/>
					<_298 Value="write"/>
					<_299 Value="year"/>
					<_300 Value="zone"/>
				</Items>
			</_0>
			<_1 Value="TBasicTextGrammarItem">
				<ElementStr Value="%02Identifier"/>
				<CaseSensitive Value="False"/>
				<IsRegExp Value="True"/>
				<Text Value="@{0,2}[_a-z]\w*"/>
			</_1>
			<_2 Value="TBasicTextGrammarItem">
				<ElementStr Value="%02Number"/>
				<CaseSensitive Value="True"/>
				<IsRegExp Value="True"/>
				<Text Value="\d+"/>
			</_2>
			<_3 Value="TBasicTextGrammarItem">
				<ElementStr Value="%02String"/>
				<CaseSensitive Value="False"/>
				<IsRegExp Value="True"/>
				<Text Value="n?'([^\\']|\\.|'')*'"/>
			</_3>
			<_4 Value="TBasicTextGrammarItem">
				<ElementStr Value="%02String"/>
				<CaseSensitive Value="False"/>
				<IsRegExp Value="True"/>
				<Text Value="n?%22([^\\%22]|\\.|%22%22)*%22"/>
			</_4>
			<_5 Value="TDelimitedTextGrammarItem">
				<ElementStr Value="%02Comment"/>
				<CaseSensitive Value="True"/>
				<IsRegExp Value="False"/>
				<Text Value="--"/>
				<Escape Value="0"/>
				<StopEOL Value="True"/>
				<StopText Value=""/>
			</_5>
			<_6 Value="TDelimitedTextGrammarItem">
				<ElementStr Value="%02Comment"/>
				<CaseSensitive Value="True"/>
				<IsRegExp Value="False"/>
				<Text Value="/*"/>
				<Escape Value="0"/>
				<StopEOL Value="False"/>
				<StopText Value="*/"/>
			</_6>
			<_7 Value="TListTextGrammarItem">
				<ElementStr Value="%02Operator"/>
				<CaseSensitive Value="True"/>
				<IsRegExp Value="False"/>
				<Items>
					<_0 Value="("/>
					<_1 Value=")"/>
					<_2 Value="["/>
					<_3 Value="]"/>
					<_4 Value=","/>
					<_5 Value=";"/>
					<_6 Value="+"/>
					<_7 Value="-"/>
					<_8 Value="*"/>
					<_9 Value="/"/>
					<_10 Value="%"/>
					<_11 Value="%26"/>
					<_12 Value="|"/>
					<_13 Value="^"/>
					<_14 Value="~"/>
					<_15 Value="%3C="/>
					<_16 Value="%3E="/>
					<_17 Value="%3C%3E"/>
					<_18 Value="!="/>
					<_19 Value="!%3C"/>
					<_20 Value="!%3E"/>
					<_21 Value="="/>
					<_22 Value="%3C"/>
					<_23 Value="%3E"/>
					<_24 Value="."/>
				</Items>
			</_7>
		</Grammar>
		<IdentifierCaseSig Value="False"/>
		<IndentCaseSig Value="True"/>
		<KeywordCaseSig Value="False"/>
		<LabelCaseSig Value="True"/>
		<LineBased Value="False"/>
		<LineNumCaseSig Value="True"/>
		<Mask Value="*.sql"/>
		<NumberCaseSig Value="False"/>
		<OperatorCaseSig Value="True"/>
		<StringCaseSig Value="True"/>
		<TabAsSpaces Value="False"/>
		<TabSize Value="8"/>
		<TidyLeadingWS Value="False"/>
		<TrimTrailingWS Value="False"/>
	</TTextFormat>
	<TTextFormat Value="Visual Basic Source">
		<CharPerLine Value="4096"/>
		<CodePageDetect Value="True"/>
		<ColBased Value="False"/>
		<CommentCaseSig Value="False"/>
		<ConvertKind Value="convertNone"/>
		<CtrlZIsEOF Value="False"/>
		<Description>
			<_0 Value="%02VB"/>
		</Description>
		<DirectiveCaseSig Value="True"/>
		<EnvironVarCaseSig Value="True"/>
		<Grammar>
			<_0 Value="TListTextGrammarItem">
				<ElementStr Value="%02Keyword"/>
				<CaseSensitive Value="False"/>
				<IsRegExp Value="False"/>
				<Items>
					<_0 Value="addhandler"/>
					<_1 Value="addressof"/>
					<_2 Value="alias"/>
					<_3 Value="and"/>
					<_4 Value="andalso"/>
					<_5 Value="ansi"/>
					<_6 Value="as"/>
					<_7 Value="assembly"/>
					<_8 Value="auto"/>
					<_9 Value="boolean"/>
					<_10 Value="byref"/>
					<_11 Value="byte"/>
					<_12 Value="byval"/>
					<_13 Value="call"/>
					<_14 Value="case"/>
					<_15 Value="catch"/>
					<_16 Value="cbool"/>
					<_17 Value="cbyte"/>
					<_18 Value="cchar"/>
					<_19 Value="cdate"/>
					<_20 Value="cdbl"/>
					<_21 Value="cdec"/>
					<_22 Value="char"/>
					<_23 Value="cint"/>
					<_24 Value="class"/>
					<_25 Value="clng"/>
					<_26 Value="cobj"/>
					<_27 Value="const"/>
					<_28 Value="cshort"/>
					<_29 Value="csng"/>
					<_30 Value="cstr"/>
					<_31 Value="ctype"/>
					<_32 Value="date"/>
					<_33 Value="decimal"/>
					<_34 Value="declare"/>
					<_35 Value="default"/>
					<_36 Value="delegate"/>
					<_37 Value="dim"/>
					<_38 Value="directcast"/>
					<_39 Value="do"/>
					<_40 Value="double"/>
					<_41 Value="each"/>
					<_42 Value="else"/>
					<_43 Value="elseif"/>
					<_44 Value="end"/>
					<_45 Value="enum"/>
					<_46 Value="erase"/>
					<_47 Value="error"/>
					<_48 Value="event"/>
					<_49 Value="exit"/>
					<_50 Value="explicit"/>
					<_51 Value="false"/>
					<_52 Value="finally"/>
					<_53 Value="for"/>
					<_54 Value="friend"/>
					<_55 Value="function"/>
					<_56 Value="get"/>
					<_57 Value="gettype"/>
					<_58 Value="goto"/>
					<_59 Value="handles"/>
					<_60 Value="if"/>
					<_61 Value="implements"/>
					<_62 Value="imports"/>
					<_63 Value="in"/>
					<_64 Value="inherits"/>
					<_65 Value="integer"/>
					<_66 Value="interface"/>
					<_67 Value="is"/>
					<_68 Value="let"/>
					<_69 Value="lib"/>
					<_70 Value="like"/>
					<_71 Value="long"/>
					<_72 Value="loop"/>
					<_73 Value="me"/>
					<_74 Value="mod"/>
					<_75 Value="module"/>
					<_76 Value="mustinherit"/>
					<_77 Value="mustoverride"/>
					<_78 Value="mybase"/>
					<_79 Value="myclass"/>
					<_80 Value="namespace"/>
					<_81 Value="new"/>
					<_82 Value="next"/>
					<_83 Value="not"/>
					<_84 Value="nothing"/>
					<_85 Value="notinheritable"/>
					<_86 Value="notoverridable"/>
					<_87 Value="object"/>
					<_88 Value="on"/>
					<_89 Value="option"/>
					<_90 Value="optional"/>
					<_91 Value="or"/>
					<_92 Value="orelse"/>
					<_93 Value="overloads"/>
					<_94 Value="overridable"/>
					<_95 Value="overrides"/>
					<_96 Value="paramarray"/>
					<_97 Value="preserve"/>
					<_98 Value="private"/>
					<_99 Value="property"/>
					<_100 Value="protected"/>
					<_101 Value="public"/>
					<_102 Value="raiseevent"/>
					<_103 Value="readonly"/>
					<_104 Value="redim"/>
					<_105 Value="region"/>
					<_106 Value="removehandler"/>
					<_107 Value="resume"/>
					<_108 Value="return"/>
					<_109 Value="select"/>
					<_110 Value="set"/>
					<_111 Value="shadows"/>
					<_112 Value="shared"/>
					<_113 Value="short"/>
					<_114 Value="single"/>
					<_115 Value="static"/>
					<_116 Value="step"/>
					<_117 Value="stop"/>
					<_118 Value="string"/>
					<_119 Value="structure"/>
					<_120 Value="sub"/>
					<_121 Value="synclock"/>
					<_122 Value="then"/>
					<_123 Value="throw"/>
					<_124 Value="to"/>
					<_125 Value="true"/>
					<_126 Value="try"/>
					<_127 Value="typeof"/>
					<_128 Value="unicode"/>
					<_129 Value="until"/>
					<_130 Value="variant"/>
					<_131 Value="wend"/>
					<_132 Value="when"/>
					<_133 Value="while"/>
					<_134 Value="with"/>
					<_135 Value="withevents"/>
					<_136 Value="writeonly"/>
					<_137 Value="xor"/>
				</Items>
			</_0>
			<_1 Value="TBasicTextGrammarItem">
				<ElementStr Value="%02Identifier"/>
				<CaseSensitive Value="False"/>
				<IsRegExp Value="True"/>
				<Text Value="[_a-z]\w*"/>
			</_1>
			<_2 Value="TListTextGrammarItem">
				<ElementStr Value="%02Number"/>
				<CaseSensitive Value="True"/>
				<IsRegExp Value="True"/>
				<Items>
					<_0 Value="\d+(S|I|L)"/>
					<_1 Value="\d+(\.\d+)?([Ee][+-]?\d+)?(F|R|D)?"/>
				</Items>
			</_2>
			<_3 Value="TListTextGrammarItem">
				<ElementStr Value="%02Number"/>
				<CaseSensitive Value="False"/>
				<IsRegExp Value="True"/>
				<Items>
					<_0 Value="\%26h[a-f\d]+"/>
					<_1 Value="\%26o[0-7]+"/>
				</Items>
			</_3>
			<_4 Value="TBasicTextGrammarItem">
				<ElementStr Value="%02String"/>
				<CaseSensitive Value="False"/>
				<IsRegExp Value="True"/>
				<Text Value="%22([^%22]|%22%22)*$"/>
			</_4>
			<_5 Value="TBasicTextGrammarItem">
				<ElementStr Value="%02String"/>
				<CaseSensitive Value="False"/>
				<IsRegExp Value="True"/>
				<Text Value="%22([^%22]|%22%22)*%22c?"/>
			</_5>
			<_6 Value="TBasicTextGrammarItem">
				<ElementStr Value="%02Comment"/>
				<CaseSensitive Value="False"/>
				<IsRegExp Value="True"/>
				<Text Value="('|rem)[ \t]*$"/>
			</_6>
			<_7 Value="TDelimitedTextGrammarItem">
				<ElementStr Value="%02Comment"/>
				<CaseSensitive Value="False"/>
				<IsRegExp Value="True"/>
				<Text Value="'|rem[ \t]"/>
				<Escape Value="0"/>
				<StopEOL Value="False"/>
				<StopText Value="[^_ \t][ \t]*$"/>
			</_7>
			<_8 Value="TListTextGrammarItem">
				<ElementStr Value="%02Operator"/>
				<CaseSensitive Value="True"/>
				<IsRegExp Value="False"/>
				<Items>
					<_0 Value="("/>
					<_1 Value=")"/>
					<_2 Value="."/>
					<_3 Value="!"/>
					<_4 Value="#"/>
					<_5 Value=","/>
					<_6 Value=":"/>
					<_7 Value="%26"/>
					<_8 Value="+"/>
					<_9 Value="-"/>
					<_10 Value="/"/>
					<_11 Value="\"/>
					<_12 Value="*"/>
					<_13 Value="^"/>
					<_14 Value="="/>
					<_15 Value="%3C"/>
					<_16 Value="%3E"/>
					<_17 Value="["/>
					<_18 Value="]"/>
				</Items>
			</_8>
		</Grammar>
		<IdentifierCaseSig Value="False"/>
		<IndentCaseSig Value="True"/>
		<KeywordCaseSig Value="False"/>
		<LabelCaseSig Value="True"/>
		<LineBased Value="False"/>
		<LineNumCaseSig Value="True"/>
		<Mask Value="*.bas;*.cls;*.ctl;*.frm;*.vb;*.vbp;*.vbs"/>
		<NumberCaseSig Value="False"/>
		<OperatorCaseSig Value="True"/>
		<StringCaseSig Value="True"/>
		<TabAsSpaces Value="False"/>
		<TabSize Value="8"/>
		<TidyLeadingWS Value="False"/>
		<TrimTrailingWS Value="False"/>
		<Weights>
			<_0>
				<CaseSensitive Value="False"/>
				<FindText Value="^(public|private)?\s*(static)?\s*(sub|function)\s*\(.*\)"/>
				<IsRegExp Value="True"/>
				<Priority Value="wp3"/>
				<WholeWords Value="False"/>
			</_0>
		</Weights>
	</TTextFormat>
	<TTextFormat Value="XML">
		<CharPerLine Value="4096"/>
		<CodePageDetect Value="True"/>
		<ColBased Value="False"/>
		<CommentCaseSig Value="True"/>
		<ConvertKind Value="convertNone"/>
		<CtrlZIsEOF Value="False"/>
		<Description>
			<_0 Value="%02XML"/>
		</Description>
		<DirectiveCaseSig Value="True"/>
		<EnvironVarCaseSig Value="True"/>
		<Grammar>
			<_0 Value="TDelimitedTextGrammarItem">
				<ElementStr Value="%02String"/>
				<CaseSensitive Value="True"/>
				<IsRegExp Value="False"/>
				<Text Value="%22"/>
				<Escape Value="0"/>
				<StopEOL Value="True"/>
				<StopText Value="%22"/>
			</_0>
			<_1 Value="TDelimitedTextGrammarItem">
				<ElementStr Value="%02Comment"/>
				<CaseSensitive Value="True"/>
				<IsRegExp Value="False"/>
				<Text Value="%3C!--"/>
				<Escape Value="0"/>
				<StopEOL Value="False"/>
				<StopText Value="--%3E"/>
			</_1>
			<_2 Value="TListTextGrammarItem">
				<ElementStr Value="%02Operator"/>
				<CaseSensitive Value="True"/>
				<IsRegExp Value="False"/>
				<Items>
					<_0 Value="%3C"/>
					<_1 Value="/%3E"/>
					<_2 Value="%3E"/>
				</Items>
			</_2>
		</Grammar>
		<IdentifierCaseSig Value="True"/>
		<IndentCaseSig Value="True"/>
		<KeywordCaseSig Value="True"/>
		<LabelCaseSig Value="True"/>
		<LineBased Value="False"/>
		<LineNumCaseSig Value="True"/>
		<Mask Value="*.xml;*.xsd;*.xsl"/>
		<NumberCaseSig Value="True"/>
		<OperatorCaseSig Value="True"/>
		<StringCaseSig Value="True"/>
		<TabAsSpaces Value="False"/>
		<TabSize Value="8"/>
		<TidyLeadingWS Value="False"/>
		<TrimTrailingWS Value="False"/>
	</TTextFormat>
	<TDataFormat>
		<CodePageDetect Value="True"/>
		<ConvertKind Value="convertNone"/>
		<CtrlZIsEOF Value="False"/>
		<DecimalKind Value="decSystem"/>
		<Description/>
		<DlmDetect Value="True"/>
		<DlmTrimWS Value="True"/>
		<FmtType Value="fmtDelimited"/>
		<HasNamesDetect Value="True"/>
		<Mask Value=""/>
	</TDataFormat>
	<THexFormat>
		<Description/>
		<Mask Value=""/>
	</THexFormat>
	<TMP3Format>
		<Description/>
		<Mask Value=""/>
	</TMP3Format>
	<TPixFormat>
		<ConvertKind Value="convertNone"/>
		<Description/>
		<Mask Value=""/>
	</TPixFormat>
	<TRegFormat>
		<Description/>
		<Mask Value=""/>
	</TRegFormat>
	<TTextFormat>
		<CharPerLine Value="4096"/>
		<CodePageDetect Value="True"/>
		<ColBased Value="False"/>
		<CommentCaseSig Value="True"/>
		<ConvertKind Value="convertNone"/>
		<CtrlZIsEOF Value="False"/>
		<Description/>
		<DirectiveCaseSig Value="True"/>
		<EnvironVarCaseSig Value="True"/>
		<IdentifierCaseSig Value="True"/>
		<IndentCaseSig Value="True"/>
		<KeywordCaseSig Value="True"/>
		<LabelCaseSig Value="True"/>
		<LineBased Value="False"/>
		<LineNumCaseSig Value="True"/>
		<Mask Value=""/>
		<NumberCaseSig Value="True"/>
		<OperatorCaseSig Value="True"/>
		<StringCaseSig Value="True"/>
		<TabAsSpaces Value="False"/>
		<TabSize Value="8"/>
		<TidyLeadingWS Value="False"/>
		<TrimTrailingWS Value="False"/>
	</TTextFormat>
	<TVerFormat>
		<Description/>
		<Mask Value=""/>
	</TVerFormat>
</BCFileFormats>
